(1519239078.182670) can0 0E094000#001C00000001
(1519239078.237161) can0 0E094000#001E00000001
(1519239078.240398) can0 02294000#0000000000080000
(1519239078.242929) can0 0E094003#001A
(1519239078.247702) can0 0E09400A#001A
(1519239078.249490) can0 0621400A#0000
(1519239078.269486) can0 02214000#000000000000
(1519239078.283963) can0 0C054003#047004F788F70000
(1519239078.299909) can0 04394100#00000000F0006000
(1519239078.319045) can0 04394000#000000AB
(1519239078.334847) can0 06214000#0000180000000F00
(1519239078.339903) can0 03029000#0000000000000000
(1519239078.349849) can0 03029100#0000000000000000
(1519239078.359843) can0 06284000#0000000000000000
(1519239078.383962) can0 06314003#0010700000000000
(1519239078.394594) can0 06254000#00FFFF00FFFFFF00
(1519239078.399844) can0 04394100#00000000F0006000
(1519239078.409610) can0 02294000#0000000000000000
(1519239078.418846) can0 04394000#000000AB
(1519239078.439921) can0 03029000#0000000000000000
(1519239078.450273) can0 03029100#0000000000000000
(1519239078.464597) can0 06314000#0000000000000000
(1519239078.483879) can0 0A3D4003#21A35074D007B760
(1519239078.494857) can0 062BBF00#0000000000000000
(1519239078.499663) can0 04394100#00000000F0006000
(1519239078.518923) can0 04394000#000000AB
(1519239078.521333) can0 02214000#000000000000
(1519239078.539693) can0 03029000#0000000000000000
(1519239078.549841) can0 03029100#0000000000000000
(1519239078.564498) can0 06264000#0000000000000080
(1519239078.583870) can0 0A354003#21A35074D007B760
(1519239078.586549) can0 06214000#0000180000000F00
(1519239078.599798) can0 04394100#00000000F0006000
(1519239078.614450) can0 063D4000#4650000080FE0000
(1519239078.618962) can0 04394000#000000AB
(1519239078.639817) can0 03029000#0000000000000000
(1519239078.644785) can0 06254000#00FFFF00FFFFFF00
(1519239078.649816) can0 03029100#0000000000000000
(1519239078.683940) can0 0A194003#9AC5400000000000
(1519239078.699783) can0 04394100#00000000F0006000
(1519239078.714780) can0 06314000#0000000000000000
(1519239078.718980) can0 04394000#000000AB
(1519239078.739857) can0 03029000#0000000000000000
(1519239078.747004) can0 0621400A#0000
(1519239078.750317) can0 03029100#0000000000000000
(1519239078.769164) can0 02214000#000000000000
(1519239078.783658) can0 0C394003#C302000008016000
(1519239078.799841) can0 04394100#00000000F0006000
(1519239078.818619) can0 04394000#000000AB
(1519239078.834670) can0 06214000#0000180000000F00
(1519239078.839762) can0 03029000#0000000000000000
(1519239078.849766) can0 03029100#0000000000000000
(1519239078.859752) can0 06284000#0000000000000000
(1519239078.883931) can0 06314003#0010700000000000
(1519239078.894748) can0 06254000#00FFFF00FFFFFF00
(1519239078.899749) can0 04394100#00000000F0006000
(1519239078.918982) can0 04394000#000000AB
(1519239078.939842) can0 03029000#0000000000000000
(1519239078.950080) can0 03029100#0000000000000000
(1519239078.964743) can0 06314000#0000000000000000
(1519239078.994883) can0 062BBF00#0000000000000000
(1519239078.999831) can0 04394100#00000000F0006000
(1519239079.019090) can0 04394000#000000AB
(1519239079.021702) can0 02214000#000000000000
(1519239079.039902) can0 03029000#0000000000000000
(1519239079.049870) can0 03029100#0000000000000000
(1519239079.064824) can0 06264000#0000000000000080
(1519239079.084728) can0 06214000#0000180000000F00
(1519239079.099735) can0 04394100#00000000F0006000
(1519239079.114708) can0 063D4000#4650000080FE0000
(1519239079.119013) can0 04394000#000000AB
(1519239079.139824) can0 03029000#0000000000000000
(1519239079.144701) can0 06254000#00FFFF00FFFFFF00
(1519239079.149767) can0 03029100#0000000000000000
(1519239079.183355) can0 0C214003#125121022018
(1519239079.199725) can0 04394100#00000000F0006000
(1519239079.214434) can0 06314000#0000000000000000
(1519239079.218906) can0 04394000#000000AB
(1519239079.236847) can0 0E094000#001E00000409
(1519239079.239851) can0 03029000#0000000000000000
(1519239079.241674) can0 0E094020#000A
(1519239079.243394) can0 0E094003#001A
(1519239079.247265) can0 0E09400A#001A
(1519239079.250195) can0 03029100#0000000000000000
(1519239079.252063) can0 0621400A#0000
(1519239079.254159) can0 06314020#00000000
(1519239079.269308) can0 02214000#000000000000
(1519239079.283807) can0 0C054003#047004F788F70000
(1519239079.299704) can0 04394100#00000000F0006000
(1519239079.318940) can0 04394000#000000AB
(1519239079.334667) can0 06214000#0000180000000F00
(1519239079.339796) can0 03029000#0000000000000000
(1519239079.349713) can0 03029100#0000000000000000
(1519239079.359669) can0 06284000#0000000000000000
(1519239079.383859) can0 06314003#0010700000000000
(1519239079.394650) can0 06254000#00FFFF00FFFFFF00
(1519239079.399662) can0 04394100#00000000F0006000
(1519239079.409706) can0 02294000#0000000000000000
(1519239079.418887) can0 04394000#000000AB
(1519239079.439749) can0 03029000#0000000000000000
(1519239079.449702) can0 03029100#0000000000000000
(1519239079.464671) can0 06314000#0000000000000000
(1519239079.483754) can0 0A3D4003#21A35074D007B760
(1519239079.494946) can0 062BBF00#0000000000000000
(1519239079.499743) can0 04394100#00000000F0006000
(1519239079.519003) can0 04394000#000000AB
(1519239079.521506) can0 02214000#000000000000
(1519239079.540109) can0 03029000#0000000000000000
(1519239079.549857) can0 03029100#0000000000000000
(1519239079.564930) can0 06264000#0000000000000080
(1519239079.583918) can0 0A354003#21A35074D007B760
(1519239079.586694) can0 06214000#0000180000000F00
(1519239079.599723) can0 04394100#00000000F0006000
(1519239079.614360) can0 063D4000#4650000080FE0000
(1519239079.618863) can0 04394000#000000AB
(1519239079.639727) can0 03029000#0000000000000000
(1519239079.644637) can0 06254000#00FFFF00FFFFFF00
(1519239079.649683) can0 03029100#0000000000000000
(1519239079.683804) can0 0A194003#9AC5400000000000
(1519239079.699677) can0 04394100#00000000F0006000
(1519239079.714303) can0 06314000#0000000000000000
(1519239079.718852) can0 04394000#000000AB
(1519239079.739718) can0 03029000#0000000000000000
(1519239079.747302) can0 0621400A#0000
(1519239079.750283) can0 03029100#0000000000000000
(1519239079.769413) can0 02214000#000000000000
(1519239079.783818) can0 0C394003#C302000008016000
(1519239079.799610) can0 04394100#00000000F0006000
(1519239079.818652) can0 04394000#000000AB
(1519239079.834306) can0 06214000#0000180000000F00
(1519239079.839439) can0 03029000#0000000000000000
(1519239079.849429) can0 03029100#0000000000000000
(1519239079.859602) can0 06284000#0000000000000000
(1519239079.883807) can0 06314003#0010700000000000
(1519239079.894227) can0 06254000#00FFFF00FFFFFF00
(1519239079.899366) can0 04394100#00000000F0006000
(1519239079.918658) can0 04394000#000000AB
(1519239079.939695) can0 03029000#0000000000000000
(1519239079.949643) can0 03029100#0000000000000000
(1519239079.964639) can0 06314000#0000000000000000
(1519239079.994648) can0 062BBF00#0000000000000000
(1519239079.999646) can0 04394100#00000000F0006000
(1519239080.018751) can0 04394000#000000AB
(1519239080.021474) can0 02214000#000000000000
(1519239080.039770) can0 03029000#0000000000000000
(1519239080.049826) can0 03029100#0000000000000000
(1519239080.064641) can0 06264000#0000000000000080
(1519239080.084840) can0 06214000#0000180000000F00
(1519239080.099693) can0 04394100#00000000F0006000
(1519239080.114387) can0 063D4000#4650000080FE0000
(1519239080.118791) can0 04394000#000000AB
(1519239080.139631) can0 03029000#0000000000000000
(1519239080.144797) can0 06254000#00FFFF00FFFFFF00
(1519239080.149634) can0 03029100#0000000000000000
(1519239080.183402) can0 0C214003#125121022018
(1519239080.199569) can0 04394100#00000000F0006000
(1519239080.214761) can0 06314000#0000000000000000
(1519239080.218781) can0 04394000#000000AB
(1519239080.236557) can0 0E094000#001E00000409
(1519239080.239781) can0 03029000#0000000000000000
(1519239080.241576) can0 0E094020#000A
(1519239080.243363) can0 0E094003#001A
(1519239080.247320) can0 0E09400A#001A
(1519239080.250231) can0 03029100#0000000000000000
(1519239080.252083) can0 0621400A#0000
(1519239080.254517) can0 06314020#000000BC
(1519239080.269377) can0 02214000#000000000000
(1519239080.283709) can0 0C054003#047004F788F70000
(1519239080.299671) can0 04394100#00000000F0006000
(1519239080.318927) can0 04394000#000000AB
(1519239080.334505) can0 06214000#0000180000000F00
(1519239080.339805) can0 03029000#0000000000000000
(1519239080.350061) can0 03029100#0000000000000000
(1519239080.359727) can0 06284000#0000000000000000
(1519239080.383759) can0 06314003#0010700000000000
(1519239080.394324) can0 06254000#00FFFF00FFFFFF00
(1519239080.399413) can0 04394100#00000000F0006000
(1519239080.409699) can0 02294000#0000000000000000
(1519239080.418902) can0 04394000#000000AB
(1519239080.439749) can0 03029000#0000000000000000
(1519239080.449675) can0 03029100#0000000000000000
(1519239080.464699) can0 06314000#0000000000000000
(1519239080.483442) can0 0A3D4003#21A35074D007B760
(1519239080.494682) can0 062BBF00#0000000000000000
(1519239080.499892) can0 04394100#00000000F0006000
(1519239080.518708) can0 04394000#000000AB
(1519239080.521255) can0 02214000#000000000000
(1519239080.539567) can0 03029000#0000000000000000
(1519239080.549807) can0 03029100#0000000000000000
(1519239080.564716) can0 06264000#0000000000000080
(1519239080.583535) can0 0A354003#21A35074D007B760
(1519239080.586438) can0 06214000#0000180000000F00
(1519239080.599701) can0 04394100#00000000F0006000
(1519239080.614606) can0 063D4000#4650000080FE0000
(1519239080.618898) can0 04394000#000000AB
(1519239080.639752) can0 03029000#0000000000000000
(1519239080.644673) can0 06254000#00FFFF00FFFFFF00
(1519239080.649718) can0 03029100#0000000000000000
(1519239080.683703) can0 0A194003#9AC5400000000000
(1519239080.699711) can0 04394100#00000000F0006000
(1519239080.714646) can0 06314000#0000000000000000
(1519239080.718891) can0 04394000#000000AB
(1519239080.739731) can0 03029000#0000000000000000
(1519239080.747399) can0 0621400A#0000
(1519239080.750300) can0 03029100#0000000000000000
(1519239080.769294) can0 02214000#000000000000
(1519239080.783704) can0 0C394003#C302000008016000
(1519239080.799653) can0 04394100#00000000F0006000
(1519239080.818709) can0 04394000#000000AB
(1519239080.834342) can0 06214000#0000180000000F00
(1519239080.839704) can0 03029000#0000000000000000
(1519239080.849417) can0 03029100#0000000000000000
(1519239080.859420) can0 06284000#0000000000000000
(1519239080.883418) can0 06314003#0010700000000000
(1519239080.894767) can0 06254000#00FFFF00FFFFFF00
(1519239080.899718) can0 04394100#00000000F0006000
(1519239080.918559) can0 04394000#000000AB
(1519239080.939711) can0 03029000#0000000000000000
(1519239080.949709) can0 03029100#0000000000000000
(1519239080.964676) can0 06314000#0000000000000000
(1519239080.994534) can0 062BBF00#0000000000000000
(1519239080.999534) can0 04394100#00000000F0006000
(1519239081.018815) can0 04394000#000000AB
(1519239081.021535) can0 02214000#000000000000
(1519239081.039823) can0 03029000#0000000000000000
(1519239081.049760) can0 03029100#0000000000000000
(1519239081.064721) can0 06264000#0000000000000080
(1519239081.084585) can0 06214000#0000180000000F00
(1519239081.099614) can0 04394100#00000000F0006000
(1519239081.114584) can0 063D4000#4650000080FE0000
(1519239081.118849) can0 04394000#000000AB
(1519239081.139725) can0 03029000#0000000000000000
(1519239081.144577) can0 06254000#00FFFF00FFFFFF00
(1519239081.149657) can0 03029100#0000000000000000
(1519239081.183310) can0 0C214003#125121022018
(1519239081.199331) can0 04394100#00000000F0006000
(1519239081.214609) can0 06314000#0000000000000000
(1519239081.218814) can0 04394000#000000AB
(1519239081.237031) can0 0E094000#001A00000409
(1519239081.239928) can0 03029000#0000000000000000
(1519239081.241786) can0 0E094020#000A
(1519239081.243562) can0 0E094003#001A
(1519239081.247545) can0 0E09400A#001A
(1519239081.250782) can0 03029100#0000000000000000
(1519239081.251909) can0 0621400A#0000
(1519239081.254386) can0 06314020#080000C0
(1519239081.269261) can0 02214000#000000000000
(1519239081.283609) can0 0C054003#047004F788F70000
(1519239081.299612) can0 04394100#00000000F0006000
(1519239081.318832) can0 04394000#000000AB
(1519239081.334549) can0 06214000#0000180000000F00
(1519239081.339962) can0 03029000#0000000000000000
(1519239081.349613) can0 03029100#0000000000000000
(1519239081.359460) can0 06284000#0000000000000000
(1519239081.383634) can0 06314003#0010700000000000
(1519239081.394580) can0 06254000#00FFFF00FFFFFF00
(1519239081.399362) can0 04394100#00000000F0006000
(1519239081.409588) can0 02294000#0000000000000000
(1519239081.418795) can0 04394000#000000AB
(1519239081.439676) can0 03029000#0000000000000000
(1519239081.449657) can0 03029100#0000000000000000
(1519239081.464668) can0 06314000#0000000000000000
(1519239081.483559) can0 0A3D4003#21A35074D007B760
(1519239081.494475) can0 062BBF00#0000000000000000
(1519239081.499479) can0 04394100#00000000F0006000
(1519239081.518629) can0 04394000#000000AB
(1519239081.521485) can0 02214000#000000000000
(1519239081.539798) can0 03029000#0000000000000000
(1519239081.549828) can0 03029100#0000000000000000
(1519239081.564622) can0 06264000#0000000000000080
(1519239081.583535) can0 0A354003#21A35074D007B760
(1519239081.586353) can0 06214000#0000180000000F00
(1519239081.599292) can0 04394100#00000000F0006000
(1519239081.614459) can0 063D4000#4650000080FE0000
(1519239081.619061) can0 04394000#000000AB
(1519239081.639371) can0 03029000#0000000000000000
(1519239081.644527) can0 06254000#00FFFF00FFFFFF00
(1519239081.649631) can0 03029100#0000000000000000
(1519239081.683612) can0 0A194003#9AC5400000000000
(1519239081.699566) can0 04394100#00000000F0006000
(1519239081.714564) can0 06314000#0000000000000000
(1519239081.718757) can0 04394000#000000AB
(1519239081.739708) can0 03029000#0000000000000000
(1519239081.747329) can0 0621400A#0000
(1519239081.750440) can0 03029100#0000000000000000
(1519239081.769229) can0 02214000#000000000000
(1519239081.783604) can0 0C394003#C302000008016000
(1519239081.799525) can0 04394100#00000000F0006000
(1519239081.818553) can0 04394000#000000AB
(1519239081.834514) can0 06214000#0000180000000F00
(1519239081.839588) can0 03029000#0000000000000000
(1519239081.849349) can0 03029100#0000000000000000
(1519239081.859562) can0 06284000#0000000000000000
(1519239081.883417) can0 06314003#0010700000000000
(1519239081.894489) can0 06254000#00FFFF00FFFFFF00
(1519239081.899604) can0 04394100#00000000F0006000
(1519239081.918537) can0 04394000#000000AB
(1519239081.939611) can0 03029000#0000000000000000
(1519239081.949635) can0 03029100#0000000000000000
(1519239081.964531) can0 06314000#0000000000000000
(1519239081.995005) can0 062BBF00#0000000000000000
(1519239081.999727) can0 04394100#00000000F0006000
(1519239082.018734) can0 04394000#000000AB
(1519239082.021435) can0 02214000#000000000000
(1519239082.040001) can0 03029000#0000000000000000
(1519239082.049763) can0 03029100#0000000000000000
(1519239082.064606) can0 06264000#0000000000000080
(1519239082.084524) can0 06214000#0000180000000F00
(1519239082.099523) can0 04394100#00000000F0006000
(1519239082.114482) can0 063D4000#4650000080FE0000
(1519239082.118748) can0 04394000#000000AB
(1519239082.139591) can0 03029000#0000000000000000
(1519239082.144443) can0 06254000#00FFFF00FFFFFF00
(1519239082.149557) can0 03029100#0000000000000000
(1519239082.183140) can0 0C214003#125121022018
(1519239082.199773) can0 04394100#00000000F0006000
(1519239082.214513) can0 06314000#0000000000000000
(1519239082.218737) can0 04394000#000000AB
(1519239082.236791) can0 0E094000#001A00000409
(1519239082.239759) can0 03029000#0000000000000000
(1519239082.241566) can0 0E094020#000A
(1519239082.243367) can0 0E094003#001A
(1519239082.247345) can0 0E09400A#001A
(1519239082.250444) can0 03029100#0000000000000000
(1519239082.251813) can0 0621400A#0000
(1519239082.254583) can0 06314020#100000BC
(1519239082.269133) can0 02214000#000000000000
(1519239082.283180) can0 0C054003#047004F788F70000
(1519239082.299505) can0 04394100#00000000F0006000
(1519239082.318726) can0 04394000#000000AB
(1519239082.334459) can0 06214000#0000180000000F00
(1519239082.339549) can0 03029000#0000000000000000
(1519239082.349513) can0 03029100#0000000000000000
(1519239082.359545) can0 06284000#0000000000000000
(1519239082.383510) can0 06314003#0010700000000000
(1519239082.394231) can0 06254000#00FFFF00FFFFFF00
(1519239082.399226) can0 04394100#00000000F0006000
(1519239082.409499) can0 02294000#0000000000000000
(1519239082.418753) can0 04394000#000000AB
(1519239082.439678) can0 03029000#0000000000000000
(1519239082.449291) can0 03029100#0000000000000000
(1519239082.464206) can0 06314000#0000000000000000
(1519239082.483426) can0 0A3D4003#21A35074D007B760
(1519239082.494680) can0 062BBF00#0000000000000000
(1519239082.499431) can0 04394100#00000000F0006000
(1519239082.518508) can0 04394000#000000AB
(1519239082.521376) can0 02214000#000000000000
(1519239082.539790) can0 03029000#0000000000000000
(1519239082.549752) can0 03029100#0000000000000000
(1519239082.564605) can0 06264000#0000000000000080
(1519239082.583434) can0 0A354003#21A35074D007B760
(1519239082.586442) can0 06214000#0000180000000F00
(1519239082.599833) can0 04394100#00000000F0006000
(1519239082.614428) can0 063D4000#4650000080FE0000
(1519239082.618746) can0 04394000#000000AB
(1519239082.639873) can0 03029000#0000000000000000
(1519239082.644508) can0 06254000#00FFFF00FFFFFF00
(1519239082.649590) can0 03029100#0000000000000000
(1519239082.683470) can0 0A194003#9AC5400000000000
(1519239082.699658) can0 04394100#00000000F0006000
(1519239082.714432) can0 06314000#0000000000000000
(1519239082.718454) can0 04394000#000000AB
(1519239082.739684) can0 03029000#0000000000000000
(1519239082.747403) can0 0621400A#0000
(1519239082.750329) can0 03029100#0000000000000000
(1519239082.769178) can0 02214000#000000000000
(1519239082.783479) can0 0C394003#C302000008016000
(1519239082.799526) can0 04394100#00000000F0006000
(1519239082.818708) can0 04394000#000000AB
(1519239082.834257) can0 06214000#0000180000000F00
(1519239082.839522) can0 03029000#0000000000000000
(1519239082.849496) can0 03029100#0000000000000000
(1519239082.859451) can0 06284000#0000000000000000
(1519239082.883460) can0 06314003#0010700000000000
(1519239082.894529) can0 06254000#00FFFF00FFFFFF00
(1519239082.899163) can0 04394100#00000000F0006000
(1519239082.918675) can0 04394000#000000AB
(1519239082.939469) can0 03029000#0000000000000000
(1519239082.949344) can0 03029100#0000000000000000
(1519239082.964120) can0 06314000#0000000000000000
(1519239082.994407) can0 062BBF00#0000000000000000
(1519239082.999497) can0 04394100#00000000F0006000
(1519239083.018750) can0 04394000#000000AB
(1519239083.021244) can0 02214000#000000000000
(1519239083.039657) can0 03029000#0000000000000000
(1519239083.049653) can0 03029100#0000000000000000
(1519239083.064558) can0 06264000#0000000000000080
(1519239083.084463) can0 06214000#0000180000000F00
(1519239083.099499) can0 04394100#00000000F0006000
(1519239083.114415) can0 063D4000#4650000080FE0000
(1519239083.118651) can0 04394000#000000AB
(1519239083.139469) can0 03029000#0000000000000000
(1519239083.144377) can0 06254000#00FFFF00FFFFFF00
(1519239083.149468) can0 03029100#0000000000000000
(1519239083.182993) can0 0C214003#125121022018
(1519239083.199406) can0 04394100#00000000F0006000
(1519239083.214592) can0 06314000#0000000000000000
(1519239083.218588) can0 04394000#000000AB
(1519239083.236547) can0 0E094000#001A00000409
(1519239083.239484) can0 03029000#0000000000000000
(1519239083.241271) can0 0E094020#000A
(1519239083.243097) can0 0E094003#001A
(1519239083.247456) can0 0E09400A#001A
(1519239083.250564) can0 03029100#0000000000000000
(1519239083.252177) can0 0621400A#0000
(1519239083.254318) can0 06314020#180000B8
(1519239083.268971) can0 02214000#000000000000
(1519239083.283595) can0 0C054003#047004F788F70000
(1519239083.299412) can0 04394100#00000000F0006000
(1519239083.318604) can0 04394000#000000AB
(1519239083.334348) can0 06214000#0000180000000F00
(1519239083.339450) can0 03029000#0000000000000000
(1519239083.349448) can0 03029100#0000000000000000
(1519239083.359404) can0 06284000#0000000000000000
(1519239083.383411) can0 06314003#0010700000000000
(1519239083.394351) can0 06254000#00FFFF00FFFFFF00
(1519239083.399356) can0 04394100#00000000F0006000
(1519239083.409388) can0 02294000#0000000000000000
(1519239083.418595) can0 04394000#000000AB
(1519239083.439404) can0 03029000#0000000000000000
(1519239083.449520) can0 03029100#0000000000000000
(1519239083.464390) can0 06314000#0000000000000000
(1519239083.483347) can0 0A3D4003#21A35074D007B760
(1519239083.494548) can0 062BBF00#0000000000000000
(1519239083.499390) can0 04394100#00000000F0006000
(1519239083.518604) can0 04394000#000000AB
(1519239083.521477) can0 02214000#000000000000
(1519239083.539582) can0 03029000#0000000000000000
(1519239083.549574) can0 03029100#0000000000000000
(1519239083.564482) can0 06264000#0000000000000080
(1519239083.583410) can0 0A354003#21A35074D007B760
(1519239083.586219) can0 06214000#0000180000000F00
(1519239083.599493) can0 04394100#00000000F0006000
(1519239083.614350) can0 063D4000#4650000080FE0000
(1519239083.618624) can0 04394000#000000AB
(1519239083.639441) can0 03029000#0000000000000000
(1519239083.644328) can0 06254000#00FFFF00FFFFFF00
(1519239083.649410) can0 03029100#0000000000000000
(1519239083.683415) can0 0A194003#9AC5400000000000
(1519239083.699602) can0 04394100#00000000F0006000
(1519239083.714366) can0 06314000#0000000000000000
(1519239083.718563) can0 04394000#000000AB
(1519239083.739403) can0 03029000#0000000000000000
(1519239083.747408) can0 0621400A#0000
(1519239083.750407) can0 03029100#0000000000000000
(1519239083.768930) can0 02214000#000000000000
(1519239083.783397) can0 0C394003#C302000008016000
(1519239083.799345) can0 04394100#00000000F0006000
(1519239083.818602) can0 04394000#000000AB
(1519239083.834682) can0 06214000#0000180000000F00
(1519239083.839385) can0 03029000#0000000000000000
(1519239083.849177) can0 03029100#0000000000000000
(1519239083.859095) can0 06284000#0000000000000000
(1519239083.883285) can0 06314003#0010700000000000
(1519239083.894632) can0 06254000#00FFFF00FFFFFF00
(1519239083.899136) can0 04394100#00000000F0006000
(1519239083.918642) can0 04394000#000000AB
(1519239083.939393) can0 03029000#0000000000000000
(1519239083.949229) can0 03029100#0000000000000000
(1519239083.964339) can0 06314000#0000000000000000
(1519239083.994381) can0 062BBF00#0000000000000000
(1519239083.999381) can0 04394100#00000000F0006000
(1519239084.018474) can0 04394000#000000AB
(1519239084.021144) can0 02214000#000000000000
(1519239084.039523) can0 03029000#0000000000000000
(1519239084.049359) can0 03029100#0000000000000000
(1519239084.064447) can0 06264000#0000000000000080
(1519239084.084070) can0 06214000#0000180000000F00
(1519239084.099393) can0 04394100#00000000F0006000
(1519239084.114281) can0 063D4000#4650000080FE0000
(1519239084.118523) can0 04394000#000000AB
(1519239084.139369) can0 03029000#0000000000000000
(1519239084.144277) can0 06254000#00FFFF00FFFFFF00
(1519239084.149383) can0 03029100#0000000000000000
(1519239084.182903) can0 0C214003#125121022018
(1519239084.199506) can0 04394100#00000000F0006000
(1519239084.214316) can0 06314000#0000000000000000
(1519239084.218513) can0 04394000#000000AB
(1519239084.236455) can0 0E094000#001A00000409
(1519239084.239386) can0 03029000#0000000000000000
(1519239084.241259) can0 0E094020#000A
(1519239084.242995) can0 0E094003#001A
(1519239084.247684) can0 0E09400A#001A
(1519239084.250199) can0 03029100#0000000000000000
(1519239084.252363) can0 0621400A#0000
(1519239084.254354) can0 06314020#000000BC
(1519239084.268949) can0 02214000#000000000000
(1519239084.283310) can0 0C054003#047004F788F70000
(1519239084.299211) can0 04394100#00000000F0006000
(1519239084.318595) can0 04394000#000000AB
(1519239084.334233) can0 06214000#0000180000000F00
(1519239084.339363) can0 03029000#0000000000000000
(1519239084.349383) can0 03029100#0000000000000000
(1519239084.359248) can0 06284000#0000000000000000
(1519239084.383301) can0 06314003#0010700000000000
(1519239084.393923) can0 06254000#00FFFF00FFFFFF00
(1519239084.399122) can0 04394100#00000000F0006000
(1519239084.409011) can0 02294000#0000000000000000
(1519239084.418175) can0 04394000#000000AB
(1519239084.439000) can0 03029000#0000000000000000
(1519239084.448994) can0 03029100#0000000000000000
(1519239084.463945) can0 06314000#0000000000000000
(1519239084.482850) can0 0A3D4003#21A35074D007B760
(1519239084.493978) can0 062BBF00#0000000000000000
(1519239084.498932) can0 04394100#00000000F0006000
(1519239084.518763) can0 04394000#000000AB
(1519239084.521139) can0 02214000#000000000000
(1519239084.539311) can0 03029000#0000000000000000
(1519239084.549472) can0 03029100#0000000000000000
(1519239084.564530) can0 06264000#0000000000000080
(1519239084.583206) can0 0A354003#21A35074D007B760
(1519239084.586162) can0 06214000#0000180000000F00
(1519239084.599394) can0 04394100#00000000F0006000
(1519239084.614357) can0 063D4000#4650000080FE0000
(1519239084.618545) can0 04394000#000000AB
(1519239084.639311) can0 03029000#0000000000000000
(1519239084.644220) can0 06254000#00FFFF00FFFFFF00
(1519239084.649282) can0 03029100#0000000000000000
(1519239084.683251) can0 0A194003#9AC5400000000000
(1519239084.699250) can0 04394100#00000000F0006000
(1519239084.714456) can0 06314000#0000000000000000
(1519239084.718432) can0 04394000#000000AB
(1519239084.738987) can0 03029000#0000000000000000
(1519239084.747460) can0 0621400A#0000
(1519239084.750527) can0 03029100#0000000000000000
(1519239084.768824) can0 02214000#000000000000
(1519239084.783258) can0 0C394003#C302000008016000
(1519239084.799253) can0 04394100#00000000F0006000
(1519239084.818453) can0 04394000#000000AB
(1519239084.834184) can0 06214000#0000180000000F00
(1519239084.839308) can0 03029000#0000000000000000
(1519239084.849299) can0 03029100#0000000000000000
(1519239084.859304) can0 06284000#0000000000000000
(1519239084.883299) can0 06314003#0010700000000000
(1519239084.894307) can0 06254000#00FFFF00FFFFFF00
(1519239084.899245) can0 04394100#00000000F0006000
(1519239084.918445) can0 04394000#000000AB
(1519239084.939425) can0 03029000#0000000000000000
(1519239084.949259) can0 03029100#0000000000000000
(1519239084.964453) can0 06314000#0000000000000000
(1519239084.993950) can0 062BBF00#0000000000000000
(1519239084.998968) can0 04394100#00000000F0006000
(1519239085.018218) can0 04394000#000000AB
(1519239085.021081) can0 02214000#000000000000
(1519239085.039495) can0 03029000#0000000000000000
(1519239085.049421) can0 03029100#0000000000000000
(1519239085.064359) can0 06264000#0000000000000080
(1519239085.084238) can0 06214000#0000180000000F00
(1519239085.099278) can0 04394100#00000000F0006000
(1519239085.114154) can0 063D4000#4650000080FE0000
(1519239085.118592) can0 04394000#000000AB
(1519239085.139224) can0 03029000#0000000000000000
(1519239085.144315) can0 06254000#00FFFF00FFFFFF00
(1519239085.149217) can0 03029100#0000000000000000
(1519239085.182757) can0 0C214003#125121022018
(1519239085.199232) can0 04394100#00000000F0006000
(1519239085.214316) can0 06314000#0000000000000000
(1519239085.218360) can0 04394000#000000AB
(1519239085.236323) can0 0E094000#001A00000409
(1519239085.239340) can0 03029000#0000000000000000
(1519239085.241116) can0 0E094020#000A
(1519239085.242897) can0 0E094003#001A
(1519239085.247577) can0 0E09400A#001A
(1519239085.250481) can0 03029100#0000000000000000
(1519239085.252223) can0 0621400A#0000
(1519239085.254186) can0 06314020#080000C0
(1519239085.268848) can0 02214000#000000000000
(1519239085.283162) can0 0C054003#047004F788F70000
(1519239085.299211) can0 04394100#00000000F0006000
(1519239085.318422) can0 04394000#000000AB
(1519239085.334310) can0 06214000#0000180000000F00
(1519239085.339203) can0 03029000#0000000000000000
(1519239085.349212) can0 03029100#0000000000000000
(1519239085.359215) can0 06284000#0000000000000000
(1519239085.383248) can0 06314003#0010700000000000
(1519239085.394150) can0 06254000#00FFFF00FFFFFF00
(1519239085.399205) can0 04394100#00000000F0006000
(1519239085.409205) can0 02294000#0000000000000000
(1519239085.418414) can0 04394000#000000AB
(1519239085.439233) can0 03029000#0000000000000000
(1519239085.449203) can0 03029100#0000000000000000
(1519239085.464142) can0 06314000#0000000000000000
(1519239085.483143) can0 0A3D4003#21A35074D007B760
(1519239085.494231) can0 062BBF00#0000000000000000
(1519239085.499229) can0 04394100#00000000F0006000
(1519239085.518552) can0 04394000#000000AB
(1519239085.521167) can0 02214000#000000000000
(1519239085.539439) can0 03029000#0000000000000000
(1519239085.549446) can0 03029100#0000000000000000
(1519239085.564216) can0 06264000#0000000000000080
(1519239085.583090) can0 0A354003#21A35074D007B760
(1519239085.585965) can0 06214000#0000180000000F00
(1519239085.599213) can0 04394100#00000000F0006000
(1519239085.614125) can0 063D4000#4650000080FE0000
(1519239085.618439) can0 04394000#000000AB
(1519239085.639216) can0 03029000#0000000000000000
(1519239085.644125) can0 06254000#00FFFF00FFFFFF00
(1519239085.649191) can0 03029100#0000000000000000
(1519239085.683167) can0 0A194003#9AC5400000000000
(1519239085.699234) can0 04394100#00000000F0006000
(1519239085.714166) can0 06314000#0000000000000000
(1519239085.718430) can0 04394000#000000AB
(1519239085.739183) can0 03029000#0000000000000000
(1519239085.747502) can0 0621400A#0000
(1519239085.750421) can0 03029100#0000000000000000
(1519239085.768788) can0 02214000#000000000000
(1519239085.782828) can0 0C394003#C302000008016000
(1519239085.798949) can0 04394100#00000000F0006000
(1519239085.818507) can0 04394000#000000AB
(1519239085.833783) can0 06214000#0000180000000F00
(1519239085.838972) can0 03029000#0000000000000000
(1519239085.849164) can0 03029100#0000000000000000
(1519239085.859148) can0 06284000#0000000000000000
(1519239085.883170) can0 06314003#0010700000000000
(1519239085.894106) can0 06254000#00FFFF00FFFFFF00
(1519239085.899153) can0 04394100#00000000F0006000
(1519239085.918397) can0 04394000#000000AB
(1519239085.939157) can0 03029000#0000000000000000
(1519239085.949284) can0 03029100#0000000000000000
(1519239085.964149) can0 06314000#0000000000000000
(1519239085.994157) can0 062BBF00#0000000000000000
(1519239085.999174) can0 04394100#00000000F0006000
(1519239086.018419) can0 04394000#000000AB
(1519239086.020985) can0 02214000#000000000000
(1519239086.039363) can0 03029000#0000000000000000
(1519239086.049360) can0 03029100#0000000000000000
(1519239086.064166) can0 06264000#0000000000000080
(1519239086.084186) can0 06214000#0000180000000F00
(1519239086.099162) can0 04394100#00000000F0006000
(1519239086.114406) can0 063D4000#4650000080FE0000
(1519239086.118474) can0 04394000#000000AB
(1519239086.139142) can0 03029000#0000000000000000
(1519239086.144084) can0 06254000#00FFFF00FFFFFF00
(1519239086.149141) can0 03029100#0000000000000000
(1519239086.182659) can0 0C214003#125121022018
(1519239086.199086) can0 04394100#00000000F0006000
(1519239086.214076) can0 06314000#0000000000000000
(1519239086.218383) can0 04394000#000000AB
(1519239086.236232) can0 0E094000#001A00000409
(1519239086.239414) can0 03029000#0000000000000000
(1519239086.241013) can0 0E094020#000A
(1519239086.242772) can0 0E094003#001A
(1519239086.247558) can0 0E09400A#001A
(1519239086.250466) can0 03029100#0000000000000000
(1519239086.252300) can0 0621400A#0000
(1519239086.254600) can0 06314020#100000BC
(1519239086.268676) can0 02214000#000000000000
(1519239086.283031) can0 0C054003#047004F788F70000
(1519239086.299081) can0 04394100#00000000F0006000
(1519239086.318338) can0 04394000#000000AB
(1519239086.334041) can0 06214000#0000180000000F00
(1519239086.339122) can0 03029000#0000000000000000
(1519239086.349121) can0 03029100#0000000000000000
(1519239086.359058) can0 06284000#0000000000000000
(1519239086.382909) can0 06314003#0010700000000000
(1519239086.394278) can0 06254000#00FFFF00FFFFFF00
(1519239086.399055) can0 04394100#00000000F0006000
(1519239086.408857) can0 02294000#0000000000000000
(1519239086.418202) can0 04394000#000000AB
(1519239086.438796) can0 03029000#0000000000000000
(1519239086.449094) can0 03029100#0000000000000000
(1519239086.463754) can0 06314000#0000000000000000
(1519239086.482708) can0 0A3D4003#21A35074D007B760
(1519239086.493879) can0 062BBF00#0000000000000000
(1519239086.498872) can0 04394100#00000000F0006000
(1519239086.518605) can0 04394000#000000AB
(1519239086.520861) can0 02214000#000000000000
(1519239086.539179) can0 03029000#0000000000000000
(1519239086.549353) can0 03029100#0000000000000000
(1519239086.564250) can0 06264000#0000000000000080
(1519239086.583031) can0 0A354003#21A35074D007B760
(1519239086.585889) can0 06214000#0000180000000F00
(1519239086.599199) can0 04394100#00000000F0006000
(1519239086.614238) can0 063D4000#4650000080FE0000
(1519239086.618348) can0 04394000#000000AB
(1519239086.639070) can0 03029000#0000000000000000
(1519239086.643890) can0 06254000#00FFFF00FFFFFF00
(1519239086.648986) can0 03029100#0000000000000000
(1519239086.683016) can0 0A194003#9AC5400000000000
(1519239086.698899) can0 04394100#00000000F0006000
(1519239086.713926) can0 06314000#0000000000000000
(1519239086.718084) can0 04394000#000000AB
(1519239086.738980) can0 03029000#0000000000000000
(1519239086.747311) can0 0621400A#0000
(1519239086.750545) can0 03029100#0000000000000000
(1519239086.768698) can0 02214000#000000000000
(1519239086.783063) can0 0C394003#C302000008016000
(1519239086.798939) can0 04394100#00000000F0006000
(1519239086.818074) can0 04394000#000000AB
(1519239086.833855) can0 06214000#0000180000000F00
(1519239086.838929) can0 03029000#0000000000000000
(1519239086.848912) can0 03029100#0000000000000000
(1519239086.858903) can0 06284000#0000000000000000
(1519239086.883025) can0 06314003#0010700000000000
(1519239086.893860) can0 06254000#00FFFF00FFFFFF00
(1519239086.898907) can0 04394100#00000000F0006000
(1519239086.918086) can0 04394000#000000AB
(1519239086.939208) can0 03029000#0000000000000000
(1519239086.948890) can0 03029100#0000000000000000
(1519239086.963851) can0 06314000#0000000000000000
(1519239086.993897) can0 062BBF00#0000000000000000
(1519239086.998971) can0 04394100#00000000F0006000
(1519239087.018241) can0 04394000#000000AB
(1519239087.020639) can0 02214000#000000000000
(1519239087.039052) can0 03029000#0000000000000000
(1519239087.049120) can0 03029100#0000000000000000
(1519239087.063919) can0 06264000#0000000000000080
(1519239087.083605) can0 06214000#0000180000000F00
(1519239087.098631) can0 04394100#00000000F0006000
(1519239087.113513) can0 063D4000#4650000080FE0000
(1519239087.117864) can0 04394000#000000AB
(1519239087.138729) can0 03029000#0000000000000000
(1519239087.143830) can0 06254000#00FFFF00FFFFFF00
(1519239087.148920) can0 03029100#0000000000000000
(1519239087.182552) can0 0C214003#125121022018
(1519239087.198855) can0 04394100#00000000F0006000
(1519239087.213830) can0 06314000#0000000000000000
(1519239087.218248) can0 04394000#000000AB
(1519239087.235934) can0 0E094000#001A00000409
(1519239087.238925) can0 03029000#0000000000000000
(1519239087.240538) can0 0E094020#000A
(1519239087.242331) can0 0E094003#001A
(1519239087.247577) can0 0E09400A#001A
(1519239087.250627) can0 03029100#0000000000000000
(1519239087.252146) can0 0621400A#0000
(1519239087.254421) can0 06314020#180000B8
(1519239087.268722) can0 02214000#000000000000
(1519239087.282891) can0 0C054003#047004F788F70000
(1519239087.298857) can0 04394100#00000000F0006000
(1519239087.318026) can0 04394000#000000AB
(1519239087.333893) can0 06214000#0000180000000F00
(1519239087.338893) can0 03029000#0000000000000000
(1519239087.348866) can0 03029100#0000000000000000
(1519239087.358869) can0 06284000#0000000000000000
(1519239087.383018) can0 06314003#0010700000000000
(1519239087.393800) can0 06254000#00FFFF00FFFFFF00
(1519239087.398776) can0 04394100#00000000F0006000
(1519239087.408853) can0 02294000#0000000000000000
(1519239087.418032) can0 04394000#000000AB
(1519239087.438774) can0 03029000#0000000000000000
(1519239087.448840) can0 03029100#0000000000000000
(1519239087.463777) can0 06314000#0000000000000000
(1519239087.482686) can0 0A3D4003#21A35074D007B760
(1519239087.493865) can0 062BBF00#0000000000000000
(1519239087.498887) can0 04394100#00000000F0006000
(1519239087.518205) can0 04394000#000000AB
(1519239087.520634) can0 02214000#000000000000
(1519239087.539069) can0 03029000#0000000000000000
(1519239087.548956) can0 03029100#0000000000000000
(1519239087.563892) can0 06264000#0000000000000080
(1519239087.582634) can0 0A354003#21A35074D007B760
(1519239087.585741) can0 06214000#0000180000000F00
(1519239087.598861) can0 04394100#00000000F0006000
(1519239087.613749) can0 063D4000#4650000080FE0000
(1519239087.618021) can0 04394000#000000AB
(1519239087.638687) can0 03029000#0000000000000000
(1519239087.643782) can0 06254000#00FFFF00FFFFFF00
(1519239087.648801) can0 03029100#0000000000000000
(1519239087.682898) can0 0A194003#9AC5400000000000
(1519239087.698661) can0 04394100#00000000F0006000
(1519239087.713797) can0 06314000#0000000000000000
(1519239087.718053) can0 04394000#000000AB
(1519239087.738846) can0 03029000#0000000000000000
(1519239087.747603) can0 0621400A#0000
(1519239087.750596) can0 03029100#0000000000000000
(1519239087.768447) can0 02214000#000000000000
(1519239087.782911) can0 0C394003#C302000008016000
(1519239087.798819) can0 04394100#00000000F0006000
(1519239087.818085) can0 04394000#000000AB
(1519239087.833836) can0 06214000#0000180000000F00
(1519239087.838953) can0 03029000#0000000000000000
(1519239087.848850) can0 03029100#0000000000000000
(1519239087.858960) can0 06284000#0000000000000000
(1519239087.882681) can0 06314003#0010700000000000
(1519239087.893763) can0 06254000#00FFFF00FFFFFF00
(1519239087.898819) can0 04394100#00000000F0006000
(1519239087.918075) can0 04394000#000000AB
(1519239087.938821) can0 03029000#0000000000000000
(1519239087.948818) can0 03029100#0000000000000000
(1519239087.963764) can0 06314000#0000000000000000
(1519239087.993813) can0 062BBF00#0000000000000000
(1519239087.998821) can0 04394100#00000000F0006000
(1519239088.018171) can0 04394000#000000AB
(1519239088.020746) can0 02214000#000000000000
(1519239088.038986) can0 03029000#0000000000000000
(1519239088.048602) can0 03029100#0000000000000000
(1519239088.063829) can0 06264000#0000000000000080
(1519239088.083954) can0 06214000#0000180000000F00
(1519239088.098811) can0 04394100#00000000F0006000
(1519239088.113695) can0 063D4000#4650000080FE0000
(1519239088.118070) can0 04394000#000000AB
(1519239088.138837) can0 03029000#0000000000000000
(1519239088.143706) can0 06254000#00FFFF00FFFFFF00
(1519239088.148798) can0 03029100#0000000000000000
(1519239088.182611) can0 0C214003#125121022018
(1519239088.198944) can0 04394100#00000000F0006000
(1519239088.213736) can0 06314000#0000000000000000
(1519239088.218060) can0 04394000#000000AB
(1519239088.236136) can0 0E094000#001B00000001
