[13323:13337:0205/125502.862343:ERROR:data_store_impl.cc(130)] Failed to open Data Reduction Proxy DB: 3
[13323:13323:0205/125502.918676:ERROR:desktop_window_tree_host_x11.cc(1103)] Not implemented reached in virtual void views::DesktopWindowTreeHostX11::InitModalType(ui::ModalType)
[13323:13323:0205/125503.078632:WARNING:push_messaging_service_factory.cc(30)] PushMessagingService could not be built because InstanceID is unexpectedly disabled
[13391:13391:0205/125503.113954:WARNING:chrome_main_delegate.cc(306)] process type 'renderer' should be created through the zygote.
[13323:13323:0205/125503.398187:INFO:CONSOLE(239)] "Mac: (107b44a554de)", source: /home/physiii/code/open-dash/src/main.js (239)
[13323:13323:0205/125503.404018:INFO:CONSOLE(42)] "j2wcsHUht0rObomxAAAA | client connected", source: /home/physiii/code/open-dash/src/main.js (42)
[13323:13323:0205/125503.917194:INFO:CONSOLE(141)] "sudo nmap -sn -T5 --min-parallelism 100 192.168.0.1/24", source: /home/physiii/code/open-dash/src/server/modules/remote.js (141)
[13323:13323:0205/125503.921480:INFO:CONSOLE(307)] "timeout function called", source: /home/physiii/code/open-dash/src/server/modules/remote.js (307)
[13323:13323:0205/125503.939741:INFO:CONSOLE(42)] "BeTXIc5Hll9sPM_DAAAB | client connected", source: /home/physiii/code/open-dash/src/main.js (42)
[13323:13323:0205/125504.029819:INFO:CONSOLE(120)] "[database.js]", source: /home/physiii/code/open-dash/src/server/database.js (120)
[13323:13323:0205/125504.029841:INFO:CONSOLE(79)] "[database.js]", source: /home/physiii/code/open-dash/src/server/database.js (79)
[13323:13323:0205/125504.029857:INFO:CONSOLE(99)] "[database.js]", source: /home/physiii/code/open-dash/src/server/database.js (99)
[13323:13323:0205/125504.029866:INFO:CONSOLE(139)] "[database.js]", source: /home/physiii/code/open-dash/src/server/database.js (139)
[13323:13323:0205/125504.922209:INFO:CONSOLE(309)] "checking mdd connection...", source: /home/physiii/code/open-dash/src/server/modules/remote.js (309)
[13323:13323:0205/125504.922236:INFO:CONSOLE(307)] "timeout function called", source: /home/physiii/code/open-dash/src/server/modules/remote.js (307)
[13323:13323:0205/125505.923047:INFO:CONSOLE(309)] "checking mdd connection...", source: /home/physiii/code/open-dash/src/server/modules/remote.js (309)
[13323:13323:0205/125505.923077:INFO:CONSOLE(307)] "timeout function called", source: /home/physiii/code/open-dash/src/server/modules/remote.js (307)
[13323:13323:0205/125506.924243:INFO:CONSOLE(309)] "checking mdd connection...", source: /home/physiii/code/open-dash/src/server/modules/remote.js (309)
[13323:13323:0205/125506.924273:INFO:CONSOLE(307)] "timeout function called", source: /home/physiii/code/open-dash/src/server/modules/remote.js (307)
[13323:13323:0205/125507.925408:INFO:CONSOLE(309)] "checking mdd connection...", source: /home/physiii/code/open-dash/src/server/modules/remote.js (309)
[13323:13323:0205/125507.925436:INFO:CONSOLE(307)] "timeout function called", source: /home/physiii/code/open-dash/src/server/modules/remote.js (307)
[13323:13323:0205/125508.925820:INFO:CONSOLE(309)] "checking mdd connection...", source: /home/physiii/code/open-dash/src/server/modules/remote.js (309)
[13323:13323:0205/125508.925847:INFO:CONSOLE(307)] "timeout function called", source: /home/physiii/code/open-dash/src/server/modules/remote.js (307)
[13323:13323:0205/125509.926074:INFO:CONSOLE(309)] "checking mdd connection...", source: /home/physiii/code/open-dash/src/server/modules/remote.js (309)
[13323:13323:0205/125509.926103:INFO:CONSOLE(307)] "timeout function called", source: /home/physiii/code/open-dash/src/server/modules/remote.js (307)
[13323:13323:0205/125510.927200:INFO:CONSOLE(309)] "checking mdd connection...", source: /home/physiii/code/open-dash/src/server/modules/remote.js (309)
[13323:13323:0205/125510.927229:INFO:CONSOLE(307)] "timeout function called", source: /home/physiii/code/open-dash/src/server/modules/remote.js (307)
[13323:13323:0205/125511.938259:INFO:CONSOLE(309)] "checking mdd connection...", source: /home/physiii/code/open-dash/src/server/modules/remote.js (309)
[13323:13323:0205/125511.938287:INFO:CONSOLE(307)] "timeout function called", source: /home/physiii/code/open-dash/src/server/modules/remote.js (307)
[13323:13323:0205/125512.938408:INFO:CONSOLE(309)] "checking mdd connection...", source: /home/physiii/code/open-dash/src/server/modules/remote.js (309)
[13323:13323:0205/125512.938433:INFO:CONSOLE(307)] "timeout function called", source: /home/physiii/code/open-dash/src/server/modules/remote.js (307)
[13323:13323:0205/125513.939148:INFO:CONSOLE(309)] "checking mdd connection...", source: /home/physiii/code/open-dash/src/server/modules/remote.js (309)
[13323:13323:0205/125513.939176:INFO:CONSOLE(307)] "timeout function called", source: /home/physiii/code/open-dash/src/server/modules/remote.js (307)
[13323:13323:0205/125514.940358:INFO:CONSOLE(309)] "checking mdd connection...", source: /home/physiii/code/open-dash/src/server/modules/remote.js (309)
[13323:13323:0205/125514.940385:INFO:CONSOLE(307)] "timeout function called", source: /home/physiii/code/open-dash/src/server/modules/remote.js (307)
[13323:13323:0205/125515.941004:INFO:CONSOLE(309)] "checking mdd connection...", source: /home/physiii/code/open-dash/src/server/modules/remote.js (309)
[13323:13323:0205/125515.941031:INFO:CONSOLE(307)] "timeout function called", source: /home/physiii/code/open-dash/src/server/modules/remote.js (307)
[13323:13323:0205/125516.941064:INFO:CONSOLE(309)] "checking mdd connection...", source: /home/physiii/code/open-dash/src/server/modules/remote.js (309)
[13323:13323:0205/125516.941090:INFO:CONSOLE(307)] "timeout function called", source: /home/physiii/code/open-dash/src/server/modules/remote.js (307)
[13323:13323:0205/125517.942299:INFO:CONSOLE(309)] "checking mdd connection...", source: /home/physiii/code/open-dash/src/server/modules/remote.js (309)
[13323:13323:0205/125517.942328:INFO:CONSOLE(307)] "timeout function called", source: /home/physiii/code/open-dash/src/server/modules/remote.js (307)
[13323:13323:0205/125518.834972:INFO:CONSOLE(40)] "[object Object],[object Object],[object Object],[object Object],[object Object],[object Object],[object Object],[object Object],[object Object],[object Object],[object Object],[object Object]", source: /home/physiii/code/open-dash/src/server/modules/remote.js (40)
[13323:13323:0205/125518.943075:INFO:CONSOLE(309)] "checking mdd connection...", source: /home/physiii/code/open-dash/src/server/modules/remote.js (309)
[13323:13323:0205/125518.943100:INFO:CONSOLE(307)] "timeout function called", source: /home/physiii/code/open-dash/src/server/modules/remote.js (307)
[13323:13323:0205/125519.944290:INFO:CONSOLE(309)] "checking mdd connection...", source: /home/physiii/code/open-dash/src/server/modules/remote.js (309)
[13323:13323:0205/125519.944316:INFO:CONSOLE(307)] "timeout function called", source: /home/physiii/code/open-dash/src/server/modules/remote.js (307)
[13323:13323:0205/125520.945660:INFO:CONSOLE(309)] "checking mdd connection...", source: /home/physiii/code/open-dash/src/server/modules/remote.js (309)
[13323:13323:0205/125520.945688:INFO:CONSOLE(307)] "timeout function called", source: /home/physiii/code/open-dash/src/server/modules/remote.js (307)
[13323:13323:0205/125521.945989:INFO:CONSOLE(309)] "checking mdd connection...", source: /home/physiii/code/open-dash/src/server/modules/remote.js (309)
[13323:13323:0205/125521.946016:INFO:CONSOLE(307)] "timeout function called", source: /home/physiii/code/open-dash/src/server/modules/remote.js (307)
[13323:13323:0205/125522.947207:INFO:CONSOLE(309)] "checking mdd connection...", source: /home/physiii/code/open-dash/src/server/modules/remote.js (309)
[13323:13323:0205/125522.947233:INFO:CONSOLE(307)] "timeout function called", source: /home/physiii/code/open-dash/src/server/modules/remote.js (307)
[13323:13323:0205/125523.948423:INFO:CONSOLE(309)] "checking mdd connection...", source: /home/physiii/code/open-dash/src/server/modules/remote.js (309)
[13323:13323:0205/125523.948450:INFO:CONSOLE(307)] "timeout function called", source: /home/physiii/code/open-dash/src/server/modules/remote.js (307)
[13323:13323:0205/125523.992796:INFO:CONSOLE(141)] "sudo nmap -sn -T5 --min-parallelism 100 192.168.0.1/24", source: /home/physiii/code/open-dash/src/server/modules/remote.js (141)
[13323:13323:0205/125524.004134:INFO:CONSOLE(124)] "Error: [$rootScope:inprog] http://errors.angularjs.org/1.6.8/$rootScope/inprog?p0=%24digest", source: chrome-extension://ngdikafaoghdohaamhidkfmlndplddep/src/client/scripts/angular.min.js (124)
[13323:13323:0205/125524.004745:INFO:CONSOLE(124)] "Error: [$rootScope:inprog] http://errors.angularjs.org/1.6.8/$rootScope/inprog?p0=%24digest", source: chrome-extension://ngdikafaoghdohaamhidkfmlndplddep/src/client/scripts/angular.min.js (124)
[13323:13323:0205/125524.005248:INFO:CONSOLE(124)] "Error: [$rootScope:inprog] http://errors.angularjs.org/1.6.8/$rootScope/inprog?p0=%24digest", source: chrome-extension://ngdikafaoghdohaamhidkfmlndplddep/src/client/scripts/angular.min.js (124)
[13323:13323:0205/125524.949951:INFO:CONSOLE(309)] "checking mdd connection...", source: /home/physiii/code/open-dash/src/server/modules/remote.js (309)
[13323:13323:0205/125524.949979:INFO:CONSOLE(307)] "timeout function called", source: /home/physiii/code/open-dash/src/server/modules/remote.js (307)
[13323:13323:0205/125525.951188:INFO:CONSOLE(309)] "checking mdd connection...", source: /home/physiii/code/open-dash/src/server/modules/remote.js (309)
[13323:13323:0205/125525.951219:INFO:CONSOLE(307)] "timeout function called", source: /home/physiii/code/open-dash/src/server/modules/remote.js (307)
[13323:13323:0205/125526.952325:INFO:CONSOLE(309)] "checking mdd connection...", source: /home/physiii/code/open-dash/src/server/modules/remote.js (309)
[13323:13323:0205/125526.952355:INFO:CONSOLE(307)] "timeout function called", source: /home/physiii/code/open-dash/src/server/modules/remote.js (307)
[13323:13323:0205/125527.953688:INFO:CONSOLE(309)] "checking mdd connection...", source: /home/physiii/code/open-dash/src/server/modules/remote.js (309)
[13323:13323:0205/125527.953716:INFO:CONSOLE(307)] "timeout function called", source: /home/physiii/code/open-dash/src/server/modules/remote.js (307)
[13323:13323:0205/125528.421123:INFO:CONSOLE(272)] "Uncaught (in promise) Error: Command failed: xdotool search --name "MDD"
", source: child_process.js (272)
[13323:13323:0205/125528.953860:INFO:CONSOLE(309)] "checking mdd connection...", source: /home/physiii/code/open-dash/src/server/modules/remote.js (309)
[13323:13323:0205/125528.953887:INFO:CONSOLE(307)] "timeout function called", source: /home/physiii/code/open-dash/src/server/modules/remote.js (307)
[13323:13323:0205/125529.954847:INFO:CONSOLE(309)] "checking mdd connection...", source: /home/physiii/code/open-dash/src/server/modules/remote.js (309)
[13323:13323:0205/125529.954874:INFO:CONSOLE(307)] "timeout function called", source: /home/physiii/code/open-dash/src/server/modules/remote.js (307)
[13323:13323:0205/125530.955240:INFO:CONSOLE(309)] "checking mdd connection...", source: /home/physiii/code/open-dash/src/server/modules/remote.js (309)
[13323:13323:0205/125530.955265:INFO:CONSOLE(307)] "timeout function called", source: /home/physiii/code/open-dash/src/server/modules/remote.js (307)
[13323:13323:0205/125531.956502:INFO:CONSOLE(309)] "checking mdd connection...", source: /home/physiii/code/open-dash/src/server/modules/remote.js (309)
[13323:13323:0205/125531.956529:INFO:CONSOLE(307)] "timeout function called", source: /home/physiii/code/open-dash/src/server/modules/remote.js (307)
[13323:13323:0205/125532.957812:INFO:CONSOLE(309)] "checking mdd connection...", source: /home/physiii/code/open-dash/src/server/modules/remote.js (309)
[13323:13323:0205/125532.957840:INFO:CONSOLE(307)] "timeout function called", source: /home/physiii/code/open-dash/src/server/modules/remote.js (307)
[13323:13323:0205/125533.957322:INFO:CONSOLE(309)] "checking mdd connection...", source: /home/physiii/code/open-dash/src/server/modules/remote.js (309)
[13323:13323:0205/125533.957352:INFO:CONSOLE(307)] "timeout function called", source: /home/physiii/code/open-dash/src/server/modules/remote.js (307)
[13323:13323:0205/125534.958625:INFO:CONSOLE(309)] "checking mdd connection...", source: /home/physiii/code/open-dash/src/server/modules/remote.js (309)
[13323:13323:0205/125534.958654:INFO:CONSOLE(307)] "timeout function called", source: /home/physiii/code/open-dash/src/server/modules/remote.js (307)
[13323:13323:0205/125535.959898:INFO:CONSOLE(309)] "checking mdd connection...", source: /home/physiii/code/open-dash/src/server/modules/remote.js (309)
[13323:13323:0205/125535.959926:INFO:CONSOLE(307)] "timeout function called", source: /home/physiii/code/open-dash/src/server/modules/remote.js (307)
[13323:13323:0205/125536.961132:INFO:CONSOLE(309)] "checking mdd connection...", source: /home/physiii/code/open-dash/src/server/modules/remote.js (309)
[13323:13323:0205/125536.961161:INFO:CONSOLE(307)] "timeout function called", source: /home/physiii/code/open-dash/src/server/modules/remote.js (307)
[13323:13323:0205/125537.962526:INFO:CONSOLE(309)] "checking mdd connection...", source: /home/physiii/code/open-dash/src/server/modules/remote.js (309)
[13323:13323:0205/125537.962554:INFO:CONSOLE(307)] "timeout function called", source: /home/physiii/code/open-dash/src/server/modules/remote.js (307)
[13323:13323:0205/125538.874668:INFO:CONSOLE(230)] "Connecting is false, and lastDeviceAlive is true", source: /home/physiii/code/open-dash/src/server/modules/remote.js (230)
[13323:13323:0205/125538.885339:INFO:CONSOLE(58)] "Error: Command failed: xwininfo -tree -root | grep -i remmina
", source: /home/physiii/code/open-dash/src/server/modules/remote.js (58)
[13323:13323:0205/125538.885370:INFO:CONSOLE(60)] "xwininfo error code = 1", source: /home/physiii/code/open-dash/src/server/modules/remote.js (60)
[13323:13323:0205/125538.885396:INFO:CONSOLE(234)] "No MDD window", source: /home/physiii/code/open-dash/src/server/modules/remote.js (234)
[13323:13323:0205/125538.885407:INFO:CONSOLE(235)] "Trying to connect to 192.168.0.12", source: /home/physiii/code/open-dash/src/server/modules/remote.js (235)
[13323:13323:0205/125538.885451:INFO:CONSOLE(246)] "Connect called for 192.168.0.12", source: /home/physiii/code/open-dash/src/server/modules/remote.js (246)
[13323:13323:0205/125538.885589:INFO:CONSOLE(266)] "sed s/server=.*/server=192.168.0.12/ /home/physiii/code/open-dash/scripts/mdd.remmina > /home/physiii/code/open-dash/scripts/mddtmp.remmina && remmina -c /home/physiii/code/open-dash/scripts/mddtmp.remmina", source: /home/physiii/code/open-dash/src/server/modules/remote.js (266)
[13323:13323:0205/125538.892841:INFO:CONSOLE(273)] "Start remmina client to 192.168.0.12", source: /home/physiii/code/open-dash/src/server/modules/remote.js (273)
[13323:13323:0205/125538.898422:INFO:CONSOLE(278)] "PROCESS PID = 13507", source: /home/physiii/code/open-dash/src/server/modules/remote.js (278)
[13323:13323:0205/125538.948128:INFO:CONSOLE(276)] "stdout: Remmina plugin VNC (type=Protocol) registered.
Remmina plugin VNCI (type=Protocol) registered.
", source: /home/physiii/code/open-dash/src/server/modules/remote.js (276)
[13323:13323:0205/125538.951147:INFO:CONSOLE(276)] "stdout: Remmina plugin RDP (type=Protocol) registered.
Remmina plugin RDPF (type=File) registered.
Remmina plugin RDPS (type=Preference) registered.
", source: /home/physiii/code/open-dash/src/server/modules/remote.js (276)
[13323:13323:0205/125538.951730:INFO:CONSOLE(276)] "stdout: Remmina plugin SFTP (type=Protocol) registered.
Remmina plugin SSH (type=Protocol) registered.
", source: /home/physiii/code/open-dash/src/server/modules/remote.js (276)
[13323:13323:0205/125538.963102:INFO:CONSOLE(309)] "checking mdd connection...", source: /home/physiii/code/open-dash/src/server/modules/remote.js (309)
[13323:13323:0205/125538.963129:INFO:CONSOLE(317)] "checking mdd connection to 192.168.0.12", source: /home/physiii/code/open-dash/src/server/modules/remote.js (317)
[13323:13323:0205/125538.971186:INFO:CONSOLE(307)] "timeout function called", source: /home/physiii/code/open-dash/src/server/modules/remote.js (307)
[13323:13323:0205/125538.993587:INFO:CONSOLE(285)] "stderr: Gtk-Message: GtkDialog mapped without a transient parent. This is discouraged.
", source: /home/physiii/code/open-dash/src/server/modules/remote.js (285)
[13323:13323:0205/125539.019058:INFO:CONSOLE(320)] "ISALIVE =true", source: /home/physiii/code/open-dash/src/server/modules/remote.js (320)
[13323:13323:0205/125539.972161:INFO:CONSOLE(309)] "checking mdd connection...", source: /home/physiii/code/open-dash/src/server/modules/remote.js (309)
[13323:13323:0205/125539.972191:INFO:CONSOLE(317)] "checking mdd connection to 192.168.0.12", source: /home/physiii/code/open-dash/src/server/modules/remote.js (317)
[13323:13323:0205/125539.977453:INFO:CONSOLE(307)] "timeout function called", source: /home/physiii/code/open-dash/src/server/modules/remote.js (307)
[13323:13323:0205/125540.147599:INFO:CONSOLE(320)] "ISALIVE =true", source: /home/physiii/code/open-dash/src/server/modules/remote.js (320)
[13323:13323:0205/125540.978750:INFO:CONSOLE(309)] "checking mdd connection...", source: /home/physiii/code/open-dash/src/server/modules/remote.js (309)
[13323:13323:0205/125540.978778:INFO:CONSOLE(317)] "checking mdd connection to 192.168.0.12", source: /home/physiii/code/open-dash/src/server/modules/remote.js (317)
[13323:13323:0205/125540.983231:INFO:CONSOLE(307)] "timeout function called", source: /home/physiii/code/open-dash/src/server/modules/remote.js (307)
[13323:13323:0205/125541.063235:INFO:CONSOLE(320)] "ISALIVE =true", source: /home/physiii/code/open-dash/src/server/modules/remote.js (320)
[13323:13323:0205/125541.984560:INFO:CONSOLE(309)] "checking mdd connection...", source: /home/physiii/code/open-dash/src/server/modules/remote.js (309)
[13323:13323:0205/125541.984589:INFO:CONSOLE(317)] "checking mdd connection to 192.168.0.12", source: /home/physiii/code/open-dash/src/server/modules/remote.js (317)
[13323:13323:0205/125541.989134:INFO:CONSOLE(307)] "timeout function called", source: /home/physiii/code/open-dash/src/server/modules/remote.js (307)
[13323:13323:0205/125542.090799:INFO:CONSOLE(320)] "ISALIVE =true", source: /home/physiii/code/open-dash/src/server/modules/remote.js (320)
[13323:13323:0205/125542.990154:INFO:CONSOLE(309)] "checking mdd connection...", source: /home/physiii/code/open-dash/src/server/modules/remote.js (309)
[13323:13323:0205/125542.990184:INFO:CONSOLE(317)] "checking mdd connection to 192.168.0.12", source: /home/physiii/code/open-dash/src/server/modules/remote.js (317)
[13323:13323:0205/125542.994565:INFO:CONSOLE(307)] "timeout function called", source: /home/physiii/code/open-dash/src/server/modules/remote.js (307)
[13323:13323:0205/125543.116416:INFO:CONSOLE(320)] "ISALIVE =true", source: /home/physiii/code/open-dash/src/server/modules/remote.js (320)
[13323:13323:0205/125543.992796:INFO:CONSOLE(141)] "sudo nmap -sn -T5 --min-parallelism 100 192.168.0.1/24", source: /home/physiii/code/open-dash/src/server/modules/remote.js (141)
[13323:13323:0205/125544.002756:INFO:CONSOLE(124)] "Error: [$rootScope:inprog] http://errors.angularjs.org/1.6.8/$rootScope/inprog?p0=%24digest", source: chrome-extension://ngdikafaoghdohaamhidkfmlndplddep/src/client/scripts/angular.min.js (124)
[13323:13323:0205/125544.003179:INFO:CONSOLE(124)] "Error: [$rootScope:inprog] http://errors.angularjs.org/1.6.8/$rootScope/inprog?p0=%24digest", source: chrome-extension://ngdikafaoghdohaamhidkfmlndplddep/src/client/scripts/angular.min.js (124)
[13323:13323:0205/125544.003547:INFO:CONSOLE(124)] "Error: [$rootScope:inprog] http://errors.angularjs.org/1.6.8/$rootScope/inprog?p0=%24digest", source: chrome-extension://ngdikafaoghdohaamhidkfmlndplddep/src/client/scripts/angular.min.js (124)
[13323:13323:0205/125544.038376:INFO:CONSOLE(309)] "checking mdd connection...", source: /home/physiii/code/open-dash/src/server/modules/remote.js (309)
[13323:13323:0205/125544.038400:INFO:CONSOLE(317)] "checking mdd connection to 192.168.0.12", source: /home/physiii/code/open-dash/src/server/modules/remote.js (317)
[13323:13323:0205/125544.042914:INFO:CONSOLE(307)] "timeout function called", source: /home/physiii/code/open-dash/src/server/modules/remote.js (307)
[13323:13323:0205/125544.043374:INFO:CONSOLE(50)] "67108961
", source: /home/physiii/code/open-dash/src/server/modules/remote.js (50)
[13323:13323:0205/125545.043528:INFO:CONSOLE(309)] "checking mdd connection...", source: /home/physiii/code/open-dash/src/server/modules/remote.js (309)
[13323:13323:0205/125545.043557:INFO:CONSOLE(317)] "checking mdd connection to 192.168.0.12", source: /home/physiii/code/open-dash/src/server/modules/remote.js (317)
[13323:13323:0205/125545.048911:INFO:CONSOLE(307)] "timeout function called", source: /home/physiii/code/open-dash/src/server/modules/remote.js (307)
[13323:13323:0205/125545.264278:INFO:CONSOLE(320)] "ISALIVE =true", source: /home/physiii/code/open-dash/src/server/modules/remote.js (320)
[13323:13323:0205/125545.264613:INFO:CONSOLE(320)] "ISALIVE =true", source: /home/physiii/code/open-dash/src/server/modules/remote.js (320)
[13323:13323:0205/125546.049923:INFO:CONSOLE(309)] "checking mdd connection...", source: /home/physiii/code/open-dash/src/server/modules/remote.js (309)
[13323:13323:0205/125546.049952:INFO:CONSOLE(317)] "checking mdd connection to 192.168.0.12", source: /home/physiii/code/open-dash/src/server/modules/remote.js (317)
[13323:13323:0205/125546.054175:INFO:CONSOLE(307)] "timeout function called", source: /home/physiii/code/open-dash/src/server/modules/remote.js (307)
[13323:13323:0205/125546.058953:INFO:CONSOLE(320)] "ISALIVE =true", source: /home/physiii/code/open-dash/src/server/modules/remote.js (320)
[13323:13323:0205/125547.055012:INFO:CONSOLE(309)] "checking mdd connection...", source: /home/physiii/code/open-dash/src/server/modules/remote.js (309)
[13323:13323:0205/125547.055041:INFO:CONSOLE(317)] "checking mdd connection to 192.168.0.12", source: /home/physiii/code/open-dash/src/server/modules/remote.js (317)
[13323:13323:0205/125547.059340:INFO:CONSOLE(307)] "timeout function called", source: /home/physiii/code/open-dash/src/server/modules/remote.js (307)
[13323:13323:0205/125547.104353:INFO:CONSOLE(320)] "ISALIVE =true", source: /home/physiii/code/open-dash/src/server/modules/remote.js (320)
[13323:13323:0205/125548.060560:INFO:CONSOLE(309)] "checking mdd connection...", source: /home/physiii/code/open-dash/src/server/modules/remote.js (309)
[13323:13323:0205/125548.060591:INFO:CONSOLE(317)] "checking mdd connection to 192.168.0.12", source: /home/physiii/code/open-dash/src/server/modules/remote.js (317)
[13323:13323:0205/125548.065085:INFO:CONSOLE(307)] "timeout function called", source: /home/physiii/code/open-dash/src/server/modules/remote.js (307)
[13323:13323:0205/125548.134503:INFO:CONSOLE(320)] "ISALIVE =true", source: /home/physiii/code/open-dash/src/server/modules/remote.js (320)
[13323:13323:0205/125549.066618:INFO:CONSOLE(309)] "checking mdd connection...", source: /home/physiii/code/open-dash/src/server/modules/remote.js (309)
[13323:13323:0205/125549.066647:INFO:CONSOLE(317)] "checking mdd connection to 192.168.0.12", source: /home/physiii/code/open-dash/src/server/modules/remote.js (317)
[13323:13323:0205/125549.071175:INFO:CONSOLE(307)] "timeout function called", source: /home/physiii/code/open-dash/src/server/modules/remote.js (307)
[13323:13323:0205/125549.160103:INFO:CONSOLE(320)] "ISALIVE =true", source: /home/physiii/code/open-dash/src/server/modules/remote.js (320)
[13323:13323:0205/125550.072920:INFO:CONSOLE(309)] "checking mdd connection...", source: /home/physiii/code/open-dash/src/server/modules/remote.js (309)
[13323:13323:0205/125550.072947:INFO:CONSOLE(317)] "checking mdd connection to 192.168.0.12", source: /home/physiii/code/open-dash/src/server/modules/remote.js (317)
[13323:13323:0205/125550.077554:INFO:CONSOLE(307)] "timeout function called", source: /home/physiii/code/open-dash/src/server/modules/remote.js (307)
[13323:13323:0205/125550.081939:INFO:CONSOLE(320)] "ISALIVE =true", source: /home/physiii/code/open-dash/src/server/modules/remote.js (320)
[13323:13323:0205/125551.078370:INFO:CONSOLE(309)] "checking mdd connection...", source: /home/physiii/code/open-dash/src/server/modules/remote.js (309)
[13323:13323:0205/125551.078399:INFO:CONSOLE(317)] "checking mdd connection to 192.168.0.12", source: /home/physiii/code/open-dash/src/server/modules/remote.js (317)
[13323:13323:0205/125551.082704:INFO:CONSOLE(307)] "timeout function called", source: /home/physiii/code/open-dash/src/server/modules/remote.js (307)
[13323:13323:0205/125551.104162:INFO:CONSOLE(320)] "ISALIVE =true", source: /home/physiii/code/open-dash/src/server/modules/remote.js (320)
[13323:13323:0205/125552.083448:INFO:CONSOLE(309)] "checking mdd connection...", source: /home/physiii/code/open-dash/src/server/modules/remote.js (309)
[13323:13323:0205/125552.083477:INFO:CONSOLE(317)] "checking mdd connection to 192.168.0.12", source: /home/physiii/code/open-dash/src/server/modules/remote.js (317)
[13323:13323:0205/125552.088043:INFO:CONSOLE(307)] "timeout function called", source: /home/physiii/code/open-dash/src/server/modules/remote.js (307)
[13323:13323:0205/125552.127706:INFO:CONSOLE(320)] "ISALIVE =true", source: /home/physiii/code/open-dash/src/server/modules/remote.js (320)
[13323:13323:0205/125553.090072:INFO:CONSOLE(309)] "checking mdd connection...", source: /home/physiii/code/open-dash/src/server/modules/remote.js (309)
[13323:13323:0205/125553.090100:INFO:CONSOLE(317)] "checking mdd connection to 192.168.0.12", source: /home/physiii/code/open-dash/src/server/modules/remote.js (317)
[13323:13323:0205/125553.094434:INFO:CONSOLE(307)] "timeout function called", source: /home/physiii/code/open-dash/src/server/modules/remote.js (307)
[13323:13323:0205/125553.361638:INFO:CONSOLE(320)] "ISALIVE =true", source: /home/physiii/code/open-dash/src/server/modules/remote.js (320)
[13323:13323:0205/125554.094819:INFO:CONSOLE(309)] "checking mdd connection...", source: /home/physiii/code/open-dash/src/server/modules/remote.js (309)
[13323:13323:0205/125554.094847:INFO:CONSOLE(317)] "checking mdd connection to 192.168.0.12", source: /home/physiii/code/open-dash/src/server/modules/remote.js (317)
[13323:13323:0205/125554.099318:INFO:CONSOLE(307)] "timeout function called", source: /home/physiii/code/open-dash/src/server/modules/remote.js (307)
[13323:13323:0205/125554.177193:INFO:CONSOLE(320)] "ISALIVE =true", source: /home/physiii/code/open-dash/src/server/modules/remote.js (320)
[13323:13323:0205/125555.100346:INFO:CONSOLE(309)] "checking mdd connection...", source: /home/physiii/code/open-dash/src/server/modules/remote.js (309)
[13323:13323:0205/125555.100373:INFO:CONSOLE(317)] "checking mdd connection to 192.168.0.12", source: /home/physiii/code/open-dash/src/server/modules/remote.js (317)
[13323:13323:0205/125555.105056:INFO:CONSOLE(307)] "timeout function called", source: /home/physiii/code/open-dash/src/server/modules/remote.js (307)
[13323:13323:0205/125555.193320:INFO:CONSOLE(320)] "ISALIVE =true", source: /home/physiii/code/open-dash/src/server/modules/remote.js (320)
[13323:13323:0205/125556.105659:INFO:CONSOLE(309)] "checking mdd connection...", source: /home/physiii/code/open-dash/src/server/modules/remote.js (309)
[13323:13323:0205/125556.105688:INFO:CONSOLE(317)] "checking mdd connection to 192.168.0.12", source: /home/physiii/code/open-dash/src/server/modules/remote.js (317)
[13323:13323:0205/125556.110002:INFO:CONSOLE(307)] "timeout function called", source: /home/physiii/code/open-dash/src/server/modules/remote.js (307)
[13323:13323:0205/125556.224097:INFO:CONSOLE(320)] "ISALIVE =true", source: /home/physiii/code/open-dash/src/server/modules/remote.js (320)
[13323:13323:0205/125557.110314:INFO:CONSOLE(309)] "checking mdd connection...", source: /home/physiii/code/open-dash/src/server/modules/remote.js (309)
[13323:13323:0205/125557.110341:INFO:CONSOLE(317)] "checking mdd connection to 192.168.0.12", source: /home/physiii/code/open-dash/src/server/modules/remote.js (317)
[13323:13323:0205/125557.114930:INFO:CONSOLE(307)] "timeout function called", source: /home/physiii/code/open-dash/src/server/modules/remote.js (307)
[13323:13323:0205/125557.146911:INFO:CONSOLE(320)] "ISALIVE =true", source: /home/physiii/code/open-dash/src/server/modules/remote.js (320)
[13323:13323:0205/125558.115139:INFO:CONSOLE(309)] "checking mdd connection...", source: /home/physiii/code/open-dash/src/server/modules/remote.js (309)
[13323:13323:0205/125558.115166:INFO:CONSOLE(317)] "checking mdd connection to 192.168.0.12", source: /home/physiii/code/open-dash/src/server/modules/remote.js (317)
[13323:13323:0205/125558.119654:INFO:CONSOLE(307)] "timeout function called", source: /home/physiii/code/open-dash/src/server/modules/remote.js (307)
[13323:13323:0205/125558.256935:INFO:CONSOLE(320)] "ISALIVE =true", source: /home/physiii/code/open-dash/src/server/modules/remote.js (320)
[13323:13323:0205/125558.694100:INFO:CONSOLE(230)] "Connecting is false, and lastDeviceAlive is true", source: /home/physiii/code/open-dash/src/server/modules/remote.js (230)
[13323:13323:0205/125558.704701:INFO:CONSOLE(58)] "null", source: /home/physiii/code/open-dash/src/server/modules/remote.js (58)
[13323:13323:0205/125558.704727:INFO:CONSOLE(64)] "        0x4000061 "MDD": ("remmina" "Remmina")  598x760+10+38  +2260+790
     0x4000001 "Remmina": ("remmina" "Remmina")  10x10+10+10  +10+10
", source: /home/physiii/code/open-dash/src/server/modules/remote.js (64)
[13323:13323:0205/125559.120339:INFO:CONSOLE(309)] "checking mdd connection...", source: /home/physiii/code/open-dash/src/server/modules/remote.js (309)
[13323:13323:0205/125559.120369:INFO:CONSOLE(317)] "checking mdd connection to 192.168.0.12", source: /home/physiii/code/open-dash/src/server/modules/remote.js (317)
[13323:13323:0205/125559.126767:INFO:CONSOLE(307)] "timeout function called", source: /home/physiii/code/open-dash/src/server/modules/remote.js (307)
[13323:13323:0205/125559.135122:INFO:CONSOLE(320)] "ISALIVE =true", source: /home/physiii/code/open-dash/src/server/modules/remote.js (320)
[13323:13323:0205/125600.127439:INFO:CONSOLE(309)] "checking mdd connection...", source: /home/physiii/code/open-dash/src/server/modules/remote.js (309)
[13323:13323:0205/125600.127467:INFO:CONSOLE(317)] "checking mdd connection to 192.168.0.12", source: /home/physiii/code/open-dash/src/server/modules/remote.js (317)
[13323:13323:0205/125600.131861:INFO:CONSOLE(307)] "timeout function called", source: /home/physiii/code/open-dash/src/server/modules/remote.js (307)
[13323:13323:0205/125600.217613:INFO:CONSOLE(320)] "ISALIVE =true", source: /home/physiii/code/open-dash/src/server/modules/remote.js (320)
[13323:13323:0205/125601.133012:INFO:CONSOLE(309)] "checking mdd connection...", source: /home/physiii/code/open-dash/src/server/modules/remote.js (309)
[13323:13323:0205/125601.133041:INFO:CONSOLE(317)] "checking mdd connection to 192.168.0.12", source: /home/physiii/code/open-dash/src/server/modules/remote.js (317)
[13323:13323:0205/125601.137476:INFO:CONSOLE(307)] "timeout function called", source: /home/physiii/code/open-dash/src/server/modules/remote.js (307)
[13323:13323:0205/125601.241654:INFO:CONSOLE(320)] "ISALIVE =true", source: /home/physiii/code/open-dash/src/server/modules/remote.js (320)
[13323:13323:0205/125602.139054:INFO:CONSOLE(309)] "checking mdd connection...", source: /home/physiii/code/open-dash/src/server/modules/remote.js (309)
[13323:13323:0205/125602.139083:INFO:CONSOLE(317)] "checking mdd connection to 192.168.0.12", source: /home/physiii/code/open-dash/src/server/modules/remote.js (317)
[13323:13323:0205/125602.143281:INFO:CONSOLE(307)] "timeout function called", source: /home/physiii/code/open-dash/src/server/modules/remote.js (307)
[13323:13323:0205/125602.470026:INFO:CONSOLE(320)] "ISALIVE =true", source: /home/physiii/code/open-dash/src/server/modules/remote.js (320)
[13323:13323:0205/125603.143993:INFO:CONSOLE(309)] "checking mdd connection...", source: /home/physiii/code/open-dash/src/server/modules/remote.js (309)
[13323:13323:0205/125603.144027:INFO:CONSOLE(317)] "checking mdd connection to 192.168.0.12", source: /home/physiii/code/open-dash/src/server/modules/remote.js (317)
[13323:13323:0205/125603.148523:INFO:CONSOLE(307)] "timeout function called", source: /home/physiii/code/open-dash/src/server/modules/remote.js (307)
[13323:13323:0205/125603.188322:INFO:CONSOLE(320)] "ISALIVE =true", source: /home/physiii/code/open-dash/src/server/modules/remote.js (320)
[13323:13323:0205/125603.993063:INFO:CONSOLE(141)] "sudo nmap -sn -T5 --min-parallelism 100 192.168.0.1/24", source: /home/physiii/code/open-dash/src/server/modules/remote.js (141)
[13323:13323:0205/125604.002054:INFO:CONSOLE(124)] "Error: [$rootScope:inprog] http://errors.angularjs.org/1.6.8/$rootScope/inprog?p0=%24digest", source: chrome-extension://ngdikafaoghdohaamhidkfmlndplddep/src/client/scripts/angular.min.js (124)
[13323:13323:0205/125604.002406:INFO:CONSOLE(124)] "Error: [$rootScope:inprog] http://errors.angularjs.org/1.6.8/$rootScope/inprog?p0=%24digest", source: chrome-extension://ngdikafaoghdohaamhidkfmlndplddep/src/client/scripts/angular.min.js (124)
[13323:13323:0205/125604.002776:INFO:CONSOLE(124)] "Error: [$rootScope:inprog] http://errors.angularjs.org/1.6.8/$rootScope/inprog?p0=%24digest", source: chrome-extension://ngdikafaoghdohaamhidkfmlndplddep/src/client/scripts/angular.min.js (124)
[13323:13323:0205/125604.026985:INFO:CONSOLE(50)] "67108961
", source: /home/physiii/code/open-dash/src/server/modules/remote.js (50)
[13323:13323:0205/125604.149053:INFO:CONSOLE(309)] "checking mdd connection...", source: /home/physiii/code/open-dash/src/server/modules/remote.js (309)
[13323:13323:0205/125604.149082:INFO:CONSOLE(317)] "checking mdd connection to 192.168.0.12", source: /home/physiii/code/open-dash/src/server/modules/remote.js (317)
[13323:13323:0205/125604.153627:INFO:CONSOLE(307)] "timeout function called", source: /home/physiii/code/open-dash/src/server/modules/remote.js (307)
[13323:13323:0205/125604.203833:INFO:CONSOLE(320)] "ISALIVE =true", source: /home/physiii/code/open-dash/src/server/modules/remote.js (320)
[13323:13323:0205/125605.155115:INFO:CONSOLE(309)] "checking mdd connection...", source: /home/physiii/code/open-dash/src/server/modules/remote.js (309)
[13323:13323:0205/125605.155145:INFO:CONSOLE(317)] "checking mdd connection to 192.168.0.12", source: /home/physiii/code/open-dash/src/server/modules/remote.js (317)
[13323:13323:0205/125605.159658:INFO:CONSOLE(307)] "timeout function called", source: /home/physiii/code/open-dash/src/server/modules/remote.js (307)
[13323:13323:0205/125605.302735:INFO:CONSOLE(320)] "ISALIVE =true", source: /home/physiii/code/open-dash/src/server/modules/remote.js (320)
[13323:13323:0205/125606.160925:INFO:CONSOLE(309)] "checking mdd connection...", source: /home/physiii/code/open-dash/src/server/modules/remote.js (309)
[13323:13323:0205/125606.160960:INFO:CONSOLE(317)] "checking mdd connection to 192.168.0.12", source: /home/physiii/code/open-dash/src/server/modules/remote.js (317)
[13323:13323:0205/125606.165582:INFO:CONSOLE(307)] "timeout function called", source: /home/physiii/code/open-dash/src/server/modules/remote.js (307)
[13323:13323:0205/125606.172009:INFO:CONSOLE(320)] "ISALIVE =true", source: /home/physiii/code/open-dash/src/server/modules/remote.js (320)
[13323:13323:0205/125607.166318:INFO:CONSOLE(309)] "checking mdd connection...", source: /home/physiii/code/open-dash/src/server/modules/remote.js (309)
[13323:13323:0205/125607.166344:INFO:CONSOLE(317)] "checking mdd connection to 192.168.0.12", source: /home/physiii/code/open-dash/src/server/modules/remote.js (317)
[13323:13323:0205/125607.171297:INFO:CONSOLE(307)] "timeout function called", source: /home/physiii/code/open-dash/src/server/modules/remote.js (307)
[13323:13323:0205/125607.277094:INFO:CONSOLE(320)] "ISALIVE =true", source: /home/physiii/code/open-dash/src/server/modules/remote.js (320)
[13323:13323:0205/125608.172408:INFO:CONSOLE(309)] "checking mdd connection...", source: /home/physiii/code/open-dash/src/server/modules/remote.js (309)
[13323:13323:0205/125608.172436:INFO:CONSOLE(317)] "checking mdd connection to 192.168.0.12", source: /home/physiii/code/open-dash/src/server/modules/remote.js (317)
[13323:13323:0205/125608.177560:INFO:CONSOLE(307)] "timeout function called", source: /home/physiii/code/open-dash/src/server/modules/remote.js (307)
[13323:13323:0205/125608.199367:INFO:CONSOLE(320)] "ISALIVE =true", source: /home/physiii/code/open-dash/src/server/modules/remote.js (320)
[13323:13323:0205/125609.178773:INFO:CONSOLE(309)] "checking mdd connection...", source: /home/physiii/code/open-dash/src/server/modules/remote.js (309)
[13323:13323:0205/125609.178813:INFO:CONSOLE(317)] "checking mdd connection to 192.168.0.12", source: /home/physiii/code/open-dash/src/server/modules/remote.js (317)
[13323:13323:0205/125609.183242:INFO:CONSOLE(307)] "timeout function called", source: /home/physiii/code/open-dash/src/server/modules/remote.js (307)
[13323:13323:0205/125609.223359:INFO:CONSOLE(320)] "ISALIVE =true", source: /home/physiii/code/open-dash/src/server/modules/remote.js (320)
[13323:13323:0205/125610.184777:INFO:CONSOLE(309)] "checking mdd connection...", source: /home/physiii/code/open-dash/src/server/modules/remote.js (309)
[13323:13323:0205/125610.184806:INFO:CONSOLE(317)] "checking mdd connection to 192.168.0.12", source: /home/physiii/code/open-dash/src/server/modules/remote.js (317)
[13323:13323:0205/125610.189992:INFO:CONSOLE(307)] "timeout function called", source: /home/physiii/code/open-dash/src/server/modules/remote.js (307)
[13323:13323:0205/125610.246348:INFO:CONSOLE(320)] "ISALIVE =true", source: /home/physiii/code/open-dash/src/server/modules/remote.js (320)
[13323:13323:0205/125611.190681:INFO:CONSOLE(309)] "checking mdd connection...", source: /home/physiii/code/open-dash/src/server/modules/remote.js (309)
[13323:13323:0205/125611.190709:INFO:CONSOLE(317)] "checking mdd connection to 192.168.0.12", source: /home/physiii/code/open-dash/src/server/modules/remote.js (317)
[13323:13323:0205/125611.195720:INFO:CONSOLE(307)] "timeout function called", source: /home/physiii/code/open-dash/src/server/modules/remote.js (307)
[13323:13323:0205/125611.273391:INFO:CONSOLE(320)] "ISALIVE =true", source: /home/physiii/code/open-dash/src/server/modules/remote.js (320)
[13323:13323:0205/125612.196608:INFO:CONSOLE(309)] "checking mdd connection...", source: /home/physiii/code/open-dash/src/server/modules/remote.js (309)
[13323:13323:0205/125612.196636:INFO:CONSOLE(317)] "checking mdd connection to 192.168.0.12", source: /home/physiii/code/open-dash/src/server/modules/remote.js (317)
[13323:13323:0205/125612.201125:INFO:CONSOLE(307)] "timeout function called", source: /home/physiii/code/open-dash/src/server/modules/remote.js (307)
[13323:13323:0205/125612.294023:INFO:CONSOLE(320)] "ISALIVE =true", source: /home/physiii/code/open-dash/src/server/modules/remote.js (320)
[13323:13323:0205/125613.202307:INFO:CONSOLE(309)] "checking mdd connection...", source: /home/physiii/code/open-dash/src/server/modules/remote.js (309)
[13323:13323:0205/125613.202335:INFO:CONSOLE(317)] "checking mdd connection to 192.168.0.12", source: /home/physiii/code/open-dash/src/server/modules/remote.js (317)
[13323:13323:0205/125613.206989:INFO:CONSOLE(307)] "timeout function called", source: /home/physiii/code/open-dash/src/server/modules/remote.js (307)
[13323:13323:0205/125613.421397:INFO:CONSOLE(320)] "ISALIVE =true", source: /home/physiii/code/open-dash/src/server/modules/remote.js (320)
[13323:13323:0205/125614.207494:INFO:CONSOLE(309)] "checking mdd connection...", source: /home/physiii/code/open-dash/src/server/modules/remote.js (309)
[13323:13323:0205/125614.207521:INFO:CONSOLE(317)] "checking mdd connection to 192.168.0.12", source: /home/physiii/code/open-dash/src/server/modules/remote.js (317)
[13323:13323:0205/125614.212697:INFO:CONSOLE(307)] "timeout function called", source: /home/physiii/code/open-dash/src/server/modules/remote.js (307)
[13323:13323:0205/125614.344508:INFO:CONSOLE(320)] "ISALIVE =true", source: /home/physiii/code/open-dash/src/server/modules/remote.js (320)
[13323:13323:0205/125615.213764:INFO:CONSOLE(309)] "checking mdd connection...", source: /home/physiii/code/open-dash/src/server/modules/remote.js (309)
[13323:13323:0205/125615.213793:INFO:CONSOLE(317)] "checking mdd connection to 192.168.0.12", source: /home/physiii/code/open-dash/src/server/modules/remote.js (317)
[13323:13323:0205/125615.218190:INFO:CONSOLE(307)] "timeout function called", source: /home/physiii/code/open-dash/src/server/modules/remote.js (307)
[13323:13323:0205/125616.219572:INFO:CONSOLE(309)] "checking mdd connection...", source: /home/physiii/code/open-dash/src/server/modules/remote.js (309)
[13323:13323:0205/125616.219599:INFO:CONSOLE(317)] "checking mdd connection to 192.168.0.12", source: /home/physiii/code/open-dash/src/server/modules/remote.js (317)
[13323:13323:0205/125616.224171:INFO:CONSOLE(307)] "timeout function called", source: /home/physiii/code/open-dash/src/server/modules/remote.js (307)
[13323:13323:0205/125617.219293:INFO:CONSOLE(320)] "ISALIVE =false", source: /home/physiii/code/open-dash/src/server/modules/remote.js (320)
[13323:13323:0205/125617.219318:INFO:CONSOLE(322)] "Killing remmina since host 192.168.0.12 is dead", source: /home/physiii/code/open-dash/src/server/modules/remote.js (322)
[13323:13323:0205/125617.219340:INFO:CONSOLE(300)] "close_vnc: killing vnc client", source: /home/physiii/code/open-dash/src/server/modules/remote.js (300)
[13323:13323:0205/125617.219567:INFO:CONSOLE(332)] "killRemmina: call pkill remmina", source: /home/physiii/code/open-dash/src/server/modules/remote.js (332)
[13323:13323:0205/125617.224713:INFO:CONSOLE(309)] "checking mdd connection...", source: /home/physiii/code/open-dash/src/server/modules/remote.js (309)
[13323:13323:0205/125617.224741:INFO:CONSOLE(317)] "checking mdd connection to 192.168.0.12", source: /home/physiii/code/open-dash/src/server/modules/remote.js (317)
[13323:13323:0205/125617.229897:INFO:CONSOLE(307)] "timeout function called", source: /home/physiii/code/open-dash/src/server/modules/remote.js (307)
[13323:13323:0205/125617.230341:INFO:CONSOLE(280)] "null", source: /home/physiii/code/open-dash/src/server/modules/remote.js (280)
[13323:13323:0205/125617.230451:INFO:CONSOLE(289)] "child process exited with code null", source: /home/physiii/code/open-dash/src/server/modules/remote.js (289)
[13323:13323:0205/125617.236650:INFO:CONSOLE(334)] "Error: Command failed: pkill remmina
", source: /home/physiii/code/open-dash/src/server/modules/remote.js (334)
[13323:13323:0205/125617.236669:INFO:CONSOLE(335)] "", source: /home/physiii/code/open-dash/src/server/modules/remote.js (335)
[13323:13323:0205/125618.225142:INFO:CONSOLE(320)] "ISALIVE =false", source: /home/physiii/code/open-dash/src/server/modules/remote.js (320)
[13323:13323:0205/125618.225172:INFO:CONSOLE(322)] "Killing remmina since host 192.168.0.12 is dead", source: /home/physiii/code/open-dash/src/server/modules/remote.js (322)
[13323:13323:0205/125618.225195:INFO:CONSOLE(332)] "killRemmina: call pkill remmina", source: /home/physiii/code/open-dash/src/server/modules/remote.js (332)
[13323:13323:0205/125618.229753:INFO:CONSOLE(309)] "checking mdd connection...", source: /home/physiii/code/open-dash/src/server/modules/remote.js (309)
[13323:13323:0205/125618.229781:INFO:CONSOLE(317)] "checking mdd connection to 192.168.0.12", source: /home/physiii/code/open-dash/src/server/modules/remote.js (317)
[13323:13323:0205/125618.234734:INFO:CONSOLE(307)] "timeout function called", source: /home/physiii/code/open-dash/src/server/modules/remote.js (307)
[13323:13323:0205/125618.241382:INFO:CONSOLE(334)] "Error: Command failed: pkill remmina
", source: /home/physiii/code/open-dash/src/server/modules/remote.js (334)
[13323:13323:0205/125618.241410:INFO:CONSOLE(335)] "", source: /home/physiii/code/open-dash/src/server/modules/remote.js (335)
[13323:13323:0205/125618.719838:INFO:CONSOLE(230)] "Connecting is false, and lastDeviceAlive is false", source: /home/physiii/code/open-dash/src/server/modules/remote.js (230)
[13323:13323:0205/125619.232143:INFO:CONSOLE(320)] "ISALIVE =false", source: /home/physiii/code/open-dash/src/server/modules/remote.js (320)
[13323:13323:0205/125619.232172:INFO:CONSOLE(322)] "Killing remmina since host 192.168.0.12 is dead", source: /home/physiii/code/open-dash/src/server/modules/remote.js (322)
[13323:13323:0205/125619.232195:INFO:CONSOLE(332)] "killRemmina: call pkill remmina", source: /home/physiii/code/open-dash/src/server/modules/remote.js (332)
[13323:13323:0205/125619.237478:INFO:CONSOLE(309)] "checking mdd connection...", source: /home/physiii/code/open-dash/src/server/modules/remote.js (309)
[13323:13323:0205/125619.237505:INFO:CONSOLE(317)] "checking mdd connection to 192.168.0.12", source: /home/physiii/code/open-dash/src/server/modules/remote.js (317)
[13323:13323:0205/125619.242306:INFO:CONSOLE(307)] "timeout function called", source: /home/physiii/code/open-dash/src/server/modules/remote.js (307)
[13323:13323:0205/125619.248013:INFO:CONSOLE(334)] "Error: Command failed: pkill remmina
", source: /home/physiii/code/open-dash/src/server/modules/remote.js (334)
[13323:13323:0205/125619.248037:INFO:CONSOLE(335)] "", source: /home/physiii/code/open-dash/src/server/modules/remote.js (335)
[13323:13323:0205/125620.235683:INFO:CONSOLE(320)] "ISALIVE =false", source: /home/physiii/code/open-dash/src/server/modules/remote.js (320)
[13323:13323:0205/125620.235712:INFO:CONSOLE(322)] "Killing remmina since host 192.168.0.12 is dead", source: /home/physiii/code/open-dash/src/server/modules/remote.js (322)
[13323:13323:0205/125620.235735:INFO:CONSOLE(332)] "killRemmina: call pkill remmina", source: /home/physiii/code/open-dash/src/server/modules/remote.js (332)
[13323:13323:0205/125620.243148:INFO:CONSOLE(309)] "checking mdd connection...", source: /home/physiii/code/open-dash/src/server/modules/remote.js (309)
[13323:13323:0205/125620.243176:INFO:CONSOLE(317)] "checking mdd connection to 192.168.0.12", source: /home/physiii/code/open-dash/src/server/modules/remote.js (317)
[13323:13323:0205/125620.248078:INFO:CONSOLE(307)] "timeout function called", source: /home/physiii/code/open-dash/src/server/modules/remote.js (307)
[13323:13323:0205/125620.252467:INFO:CONSOLE(334)] "Error: Command failed: pkill remmina
", source: /home/physiii/code/open-dash/src/server/modules/remote.js (334)
[13323:13323:0205/125620.252491:INFO:CONSOLE(335)] "", source: /home/physiii/code/open-dash/src/server/modules/remote.js (335)
[13323:13323:0205/125621.218446:INFO:CONSOLE(320)] "ISALIVE =true", source: /home/physiii/code/open-dash/src/server/modules/remote.js (320)
[13323:13323:0205/125621.218473:INFO:CONSOLE(320)] "ISALIVE =true", source: /home/physiii/code/open-dash/src/server/modules/remote.js (320)
[13323:13323:0205/125621.248748:INFO:CONSOLE(309)] "checking mdd connection...", source: /home/physiii/code/open-dash/src/server/modules/remote.js (309)
[13323:13323:0205/125621.248773:INFO:CONSOLE(317)] "checking mdd connection to 192.168.0.12", source: /home/physiii/code/open-dash/src/server/modules/remote.js (317)
[13323:13323:0205/125621.253154:INFO:CONSOLE(307)] "timeout function called", source: /home/physiii/code/open-dash/src/server/modules/remote.js (307)
[13323:13323:0205/125621.257452:INFO:CONSOLE(320)] "ISALIVE =true", source: /home/physiii/code/open-dash/src/server/modules/remote.js (320)
[13323:13323:0205/125622.254954:INFO:CONSOLE(309)] "checking mdd connection...", source: /home/physiii/code/open-dash/src/server/modules/remote.js (309)
[13323:13323:0205/125622.254981:INFO:CONSOLE(317)] "checking mdd connection to 192.168.0.12", source: /home/physiii/code/open-dash/src/server/modules/remote.js (317)
[13323:13323:0205/125622.259323:INFO:CONSOLE(307)] "timeout function called", source: /home/physiii/code/open-dash/src/server/modules/remote.js (307)
[13323:13323:0205/125622.434634:INFO:CONSOLE(320)] "ISALIVE =true", source: /home/physiii/code/open-dash/src/server/modules/remote.js (320)
[13323:13323:0205/125623.260703:INFO:CONSOLE(309)] "checking mdd connection...", source: /home/physiii/code/open-dash/src/server/modules/remote.js (309)
[13323:13323:0205/125623.260730:INFO:CONSOLE(317)] "checking mdd connection to 192.168.0.12", source: /home/physiii/code/open-dash/src/server/modules/remote.js (317)
[13323:13323:0205/125623.267913:INFO:CONSOLE(307)] "timeout function called", source: /home/physiii/code/open-dash/src/server/modules/remote.js (307)
[13323:13323:0205/125623.359303:INFO:CONSOLE(320)] "ISALIVE =true", source: /home/physiii/code/open-dash/src/server/modules/remote.js (320)
[13323:13323:0205/125623.992624:INFO:CONSOLE(141)] "sudo nmap -sn -T5 --min-parallelism 100 192.168.0.1/24", source: /home/physiii/code/open-dash/src/server/modules/remote.js (141)
[13323:13323:0205/125624.002954:INFO:CONSOLE(124)] "Error: [$rootScope:inprog] http://errors.angularjs.org/1.6.8/$rootScope/inprog?p0=%24digest", source: chrome-extension://ngdikafaoghdohaamhidkfmlndplddep/src/client/scripts/angular.min.js (124)
[13323:13323:0205/125624.003304:INFO:CONSOLE(124)] "Error: [$rootScope:inprog] http://errors.angularjs.org/1.6.8/$rootScope/inprog?p0=%24digest", source: chrome-extension://ngdikafaoghdohaamhidkfmlndplddep/src/client/scripts/angular.min.js (124)
[13323:13323:0205/125624.003657:INFO:CONSOLE(124)] "Error: [$rootScope:inprog] http://errors.angularjs.org/1.6.8/$rootScope/inprog?p0=%24digest", source: chrome-extension://ngdikafaoghdohaamhidkfmlndplddep/src/client/scripts/angular.min.js (124)
[13323:13323:0205/125624.026988:INFO:CONSOLE(272)] "Uncaught (in promise) Error: Command failed: xdotool search --name "MDD"
", source: child_process.js (272)
[13323:13323:0205/125624.268109:INFO:CONSOLE(309)] "checking mdd connection...", source: /home/physiii/code/open-dash/src/server/modules/remote.js (309)
[13323:13323:0205/125624.268139:INFO:CONSOLE(317)] "checking mdd connection to 192.168.0.12", source: /home/physiii/code/open-dash/src/server/modules/remote.js (317)
[13323:13323:0205/125624.273083:INFO:CONSOLE(307)] "timeout function called", source: /home/physiii/code/open-dash/src/server/modules/remote.js (307)
[13323:13323:0205/125624.382195:INFO:CONSOLE(320)] "ISALIVE =true", source: /home/physiii/code/open-dash/src/server/modules/remote.js (320)
[13323:13323:0205/125625.274491:INFO:CONSOLE(309)] "checking mdd connection...", source: /home/physiii/code/open-dash/src/server/modules/remote.js (309)
[13323:13323:0205/125625.274520:INFO:CONSOLE(317)] "checking mdd connection to 192.168.0.12", source: /home/physiii/code/open-dash/src/server/modules/remote.js (317)
[13323:13323:0205/125625.278981:INFO:CONSOLE(307)] "timeout function called", source: /home/physiii/code/open-dash/src/server/modules/remote.js (307)
[13323:13323:0205/125625.508720:INFO:CONSOLE(320)] "ISALIVE =true", source: /home/physiii/code/open-dash/src/server/modules/remote.js (320)
[13323:13323:0205/125626.279927:INFO:CONSOLE(309)] "checking mdd connection...", source: /home/physiii/code/open-dash/src/server/modules/remote.js (309)
[13323:13323:0205/125626.279956:INFO:CONSOLE(317)] "checking mdd connection to 192.168.0.12", source: /home/physiii/code/open-dash/src/server/modules/remote.js (317)
[13323:13323:0205/125626.284641:INFO:CONSOLE(307)] "timeout function called", source: /home/physiii/code/open-dash/src/server/modules/remote.js (307)
[13323:13323:0205/125626.292835:INFO:CONSOLE(320)] "ISALIVE =true", source: /home/physiii/code/open-dash/src/server/modules/remote.js (320)
[13323:13323:0205/125627.286747:INFO:CONSOLE(309)] "checking mdd connection...", source: /home/physiii/code/open-dash/src/server/modules/remote.js (309)
[13323:13323:0205/125627.286776:INFO:CONSOLE(317)] "checking mdd connection to 192.168.0.12", source: /home/physiii/code/open-dash/src/server/modules/remote.js (317)
[13323:13323:0205/125627.291338:INFO:CONSOLE(307)] "timeout function called", source: /home/physiii/code/open-dash/src/server/modules/remote.js (307)
[13323:13323:0205/125627.555051:INFO:CONSOLE(320)] "ISALIVE =true", source: /home/physiii/code/open-dash/src/server/modules/remote.js (320)
[13323:13323:0205/125628.292163:INFO:CONSOLE(309)] "checking mdd connection...", source: /home/physiii/code/open-dash/src/server/modules/remote.js (309)
[13323:13323:0205/125628.292192:INFO:CONSOLE(317)] "checking mdd connection to 192.168.0.12", source: /home/physiii/code/open-dash/src/server/modules/remote.js (317)
[13323:13323:0205/125628.296637:INFO:CONSOLE(307)] "timeout function called", source: /home/physiii/code/open-dash/src/server/modules/remote.js (307)
[13323:13323:0205/125628.373346:INFO:CONSOLE(320)] "ISALIVE =true", source: /home/physiii/code/open-dash/src/server/modules/remote.js (320)
[13323:13323:0205/125629.297925:INFO:CONSOLE(309)] "checking mdd connection...", source: /home/physiii/code/open-dash/src/server/modules/remote.js (309)
[13323:13323:0205/125629.297954:INFO:CONSOLE(317)] "checking mdd connection to 192.168.0.12", source: /home/physiii/code/open-dash/src/server/modules/remote.js (317)
[13323:13323:0205/125629.302549:INFO:CONSOLE(307)] "timeout function called", source: /home/physiii/code/open-dash/src/server/modules/remote.js (307)
[13323:13323:0205/125629.497813:INFO:CONSOLE(320)] "ISALIVE =true", source: /home/physiii/code/open-dash/src/server/modules/remote.js (320)
[13323:13323:0205/125630.303099:INFO:CONSOLE(309)] "checking mdd connection...", source: /home/physiii/code/open-dash/src/server/modules/remote.js (309)
[13323:13323:0205/125630.303272:INFO:CONSOLE(317)] "checking mdd connection to 192.168.0.12", source: /home/physiii/code/open-dash/src/server/modules/remote.js (317)
[13323:13323:0205/125630.308395:INFO:CONSOLE(307)] "timeout function called", source: /home/physiii/code/open-dash/src/server/modules/remote.js (307)
[13323:13323:0205/125630.315463:INFO:CONSOLE(320)] "ISALIVE =true", source: /home/physiii/code/open-dash/src/server/modules/remote.js (320)
[13323:13323:0205/125631.309848:INFO:CONSOLE(309)] "checking mdd connection...", source: /home/physiii/code/open-dash/src/server/modules/remote.js (309)
[13323:13323:0205/125631.309875:INFO:CONSOLE(317)] "checking mdd connection to 192.168.0.12", source: /home/physiii/code/open-dash/src/server/modules/remote.js (317)
[13323:13323:0205/125631.315179:INFO:CONSOLE(307)] "timeout function called", source: /home/physiii/code/open-dash/src/server/modules/remote.js (307)
[13323:13323:0205/125631.342814:INFO:CONSOLE(320)] "ISALIVE =true", source: /home/physiii/code/open-dash/src/server/modules/remote.js (320)
[13323:13323:0205/125632.317004:INFO:CONSOLE(309)] "checking mdd connection...", source: /home/physiii/code/open-dash/src/server/modules/remote.js (309)
[13323:13323:0205/125632.317025:INFO:CONSOLE(317)] "checking mdd connection to 192.168.0.12", source: /home/physiii/code/open-dash/src/server/modules/remote.js (317)
[13323:13323:0205/125632.322874:INFO:CONSOLE(307)] "timeout function called", source: /home/physiii/code/open-dash/src/server/modules/remote.js (307)
[13323:13323:0205/125632.381434:INFO:CONSOLE(320)] "ISALIVE =true", source: /home/physiii/code/open-dash/src/server/modules/remote.js (320)
[13323:13323:0205/125633.323777:INFO:CONSOLE(309)] "checking mdd connection...", source: /home/physiii/code/open-dash/src/server/modules/remote.js (309)
[13323:13323:0205/125633.323808:INFO:CONSOLE(317)] "checking mdd connection to 192.168.0.12", source: /home/physiii/code/open-dash/src/server/modules/remote.js (317)
[13323:13323:0205/125633.328092:INFO:CONSOLE(307)] "timeout function called", source: /home/physiii/code/open-dash/src/server/modules/remote.js (307)
[13323:13323:0205/125633.406026:INFO:CONSOLE(320)] "ISALIVE =true", source: /home/physiii/code/open-dash/src/server/modules/remote.js (320)
[13323:13323:0205/125634.328172:INFO:CONSOLE(309)] "checking mdd connection...", source: /home/physiii/code/open-dash/src/server/modules/remote.js (309)
[13323:13323:0205/125634.328202:INFO:CONSOLE(317)] "checking mdd connection to 192.168.0.12", source: /home/physiii/code/open-dash/src/server/modules/remote.js (317)
[13323:13323:0205/125634.332834:INFO:CONSOLE(307)] "timeout function called", source: /home/physiii/code/open-dash/src/server/modules/remote.js (307)
[13323:13323:0205/125634.339650:INFO:CONSOLE(320)] "ISALIVE =true", source: /home/physiii/code/open-dash/src/server/modules/remote.js (320)
[13323:13323:0205/125635.333951:INFO:CONSOLE(309)] "checking mdd connection...", source: /home/physiii/code/open-dash/src/server/modules/remote.js (309)
[13323:13323:0205/125635.333979:INFO:CONSOLE(317)] "checking mdd connection to 192.168.0.12", source: /home/physiii/code/open-dash/src/server/modules/remote.js (317)
[13323:13323:0205/125635.338814:INFO:CONSOLE(307)] "timeout function called", source: /home/physiii/code/open-dash/src/server/modules/remote.js (307)
[13323:13323:0205/125635.436914:INFO:CONSOLE(320)] "ISALIVE =true", source: /home/physiii/code/open-dash/src/server/modules/remote.js (320)
[13323:13323:0205/125636.339063:INFO:CONSOLE(309)] "checking mdd connection...", source: /home/physiii/code/open-dash/src/server/modules/remote.js (309)
[13323:13323:0205/125636.339084:INFO:CONSOLE(317)] "checking mdd connection to 192.168.0.12", source: /home/physiii/code/open-dash/src/server/modules/remote.js (317)
[13323:13323:0205/125636.344248:INFO:CONSOLE(307)] "timeout function called", source: /home/physiii/code/open-dash/src/server/modules/remote.js (307)
[13323:13323:0205/125636.372069:INFO:CONSOLE(320)] "ISALIVE =true", source: /home/physiii/code/open-dash/src/server/modules/remote.js (320)
[13323:13323:0205/125637.345888:INFO:CONSOLE(309)] "checking mdd connection...", source: /home/physiii/code/open-dash/src/server/modules/remote.js (309)
[13323:13323:0205/125637.345918:INFO:CONSOLE(317)] "checking mdd connection to 192.168.0.12", source: /home/physiii/code/open-dash/src/server/modules/remote.js (317)
[13323:13323:0205/125637.350030:INFO:CONSOLE(307)] "timeout function called", source: /home/physiii/code/open-dash/src/server/modules/remote.js (307)
[13323:13323:0205/125637.404742:INFO:CONSOLE(320)] "ISALIVE =true", source: /home/physiii/code/open-dash/src/server/modules/remote.js (320)
[13323:13323:0205/125638.350892:INFO:CONSOLE(309)] "checking mdd connection...", source: /home/physiii/code/open-dash/src/server/modules/remote.js (309)
[13323:13323:0205/125638.350919:INFO:CONSOLE(317)] "checking mdd connection to 192.168.0.12", source: /home/physiii/code/open-dash/src/server/modules/remote.js (317)
[13323:13323:0205/125638.355600:INFO:CONSOLE(307)] "timeout function called", source: /home/physiii/code/open-dash/src/server/modules/remote.js (307)
[13323:13323:0205/125638.414439:INFO:CONSOLE(320)] "ISALIVE =true", source: /home/physiii/code/open-dash/src/server/modules/remote.js (320)
[13323:13323:0205/125638.986652:INFO:CONSOLE(230)] "Connecting is false, and lastDeviceAlive is true", source: /home/physiii/code/open-dash/src/server/modules/remote.js (230)
[13323:13323:0205/125638.998707:INFO:CONSOLE(58)] "Error: Command failed: xwininfo -tree -root | grep -i remmina
", source: /home/physiii/code/open-dash/src/server/modules/remote.js (58)
[13323:13323:0205/125638.998733:INFO:CONSOLE(60)] "xwininfo error code = 1", source: /home/physiii/code/open-dash/src/server/modules/remote.js (60)
[13323:13323:0205/125638.998756:INFO:CONSOLE(234)] "No MDD window", source: /home/physiii/code/open-dash/src/server/modules/remote.js (234)
[13323:13323:0205/125638.998766:INFO:CONSOLE(235)] "Trying to connect to 192.168.0.12", source: /home/physiii/code/open-dash/src/server/modules/remote.js (235)
[13323:13323:0205/125638.998779:INFO:CONSOLE(246)] "Connect called for 192.168.0.12", source: /home/physiii/code/open-dash/src/server/modules/remote.js (246)
[13323:13323:0205/125638.998788:INFO:CONSOLE(266)] "sed s/server=.*/server=192.168.0.12/ /home/physiii/code/open-dash/scripts/mdd.remmina > /home/physiii/code/open-dash/scripts/mddtmp.remmina && remmina -c /home/physiii/code/open-dash/scripts/mddtmp.remmina", source: /home/physiii/code/open-dash/src/server/modules/remote.js (266)
[13323:13323:0205/125639.006785:INFO:CONSOLE(273)] "Start remmina client to 192.168.0.12", source: /home/physiii/code/open-dash/src/server/modules/remote.js (273)
[13323:13323:0205/125639.011034:INFO:CONSOLE(278)] "PROCESS PID = 13711", source: /home/physiii/code/open-dash/src/server/modules/remote.js (278)
[13323:13323:0205/125639.059026:INFO:CONSOLE(276)] "stdout: Remmina plugin VNC (type=Protocol) registered.
Remmina plugin VNCI (type=Protocol) registered.
", source: /home/physiii/code/open-dash/src/server/modules/remote.js (276)
[13323:13323:0205/125639.062380:INFO:CONSOLE(276)] "stdout: Remmina plugin RDP (type=Protocol) registered.
Remmina plugin RDPF (type=File) registered.
Remmina plugin RDPS (type=Preference) registered.
", source: /home/physiii/code/open-dash/src/server/modules/remote.js (276)
[13323:13323:0205/125639.063227:INFO:CONSOLE(276)] "stdout: Remmina plugin SFTP (type=Protocol) registered.
Remmina plugin SSH (type=Protocol) registered.
", source: /home/physiii/code/open-dash/src/server/modules/remote.js (276)
[13323:13323:0205/125639.109841:INFO:CONSOLE(285)] "stderr: Gtk-Message: GtkDialog mapped without a transient parent. This is discouraged.
", source: /home/physiii/code/open-dash/src/server/modules/remote.js (285)
[13323:13323:0205/125639.356478:INFO:CONSOLE(309)] "checking mdd connection...", source: /home/physiii/code/open-dash/src/server/modules/remote.js (309)
[13323:13323:0205/125639.356507:INFO:CONSOLE(317)] "checking mdd connection to 192.168.0.12", source: /home/physiii/code/open-dash/src/server/modules/remote.js (317)
[13323:13323:0205/125639.361520:INFO:CONSOLE(307)] "timeout function called", source: /home/physiii/code/open-dash/src/server/modules/remote.js (307)
[13323:13323:0205/125639.367648:INFO:CONSOLE(320)] "ISALIVE =true", source: /home/physiii/code/open-dash/src/server/modules/remote.js (320)
[13323:13323:0205/125640.363122:INFO:CONSOLE(309)] "checking mdd connection...", source: /home/physiii/code/open-dash/src/server/modules/remote.js (309)
[13323:13323:0205/125640.363145:INFO:CONSOLE(317)] "checking mdd connection to 192.168.0.12", source: /home/physiii/code/open-dash/src/server/modules/remote.js (317)
[13323:13323:0205/125640.368216:INFO:CONSOLE(307)] "timeout function called", source: /home/physiii/code/open-dash/src/server/modules/remote.js (307)
[13323:13323:0205/125640.460731:INFO:CONSOLE(320)] "ISALIVE =true", source: /home/physiii/code/open-dash/src/server/modules/remote.js (320)
[13323:13323:0205/125641.370427:INFO:CONSOLE(309)] "checking mdd connection...", source: /home/physiii/code/open-dash/src/server/modules/remote.js (309)
[13323:13323:0205/125641.370456:INFO:CONSOLE(317)] "checking mdd connection to 192.168.0.12", source: /home/physiii/code/open-dash/src/server/modules/remote.js (317)
[13323:13323:0205/125641.374904:INFO:CONSOLE(307)] "timeout function called", source: /home/physiii/code/open-dash/src/server/modules/remote.js (307)
[13323:13323:0205/125641.487945:INFO:CONSOLE(320)] "ISALIVE =true", source: /home/physiii/code/open-dash/src/server/modules/remote.js (320)
[13323:13323:0205/125642.374317:INFO:CONSOLE(309)] "checking mdd connection...", source: /home/physiii/code/open-dash/src/server/modules/remote.js (309)
[13323:13323:0205/125642.374344:INFO:CONSOLE(317)] "checking mdd connection to 192.168.0.12", source: /home/physiii/code/open-dash/src/server/modules/remote.js (317)
[13323:13323:0205/125642.378977:INFO:CONSOLE(307)] "timeout function called", source: /home/physiii/code/open-dash/src/server/modules/remote.js (307)
[13323:13323:0205/125642.410817:INFO:CONSOLE(320)] "ISALIVE =true", source: /home/physiii/code/open-dash/src/server/modules/remote.js (320)
[13323:13323:0205/125643.379181:INFO:CONSOLE(309)] "checking mdd connection...", source: /home/physiii/code/open-dash/src/server/modules/remote.js (309)
[13323:13323:0205/125643.379210:INFO:CONSOLE(317)] "checking mdd connection to 192.168.0.12", source: /home/physiii/code/open-dash/src/server/modules/remote.js (317)
[13323:13323:0205/125643.384441:INFO:CONSOLE(307)] "timeout function called", source: /home/physiii/code/open-dash/src/server/modules/remote.js (307)
[13323:13323:0205/125643.430897:INFO:CONSOLE(320)] "ISALIVE =true", source: /home/physiii/code/open-dash/src/server/modules/remote.js (320)
[13323:13323:0205/125643.992651:INFO:CONSOLE(141)] "sudo nmap -sn -T5 --min-parallelism 100 192.168.0.1/24", source: /home/physiii/code/open-dash/src/server/modules/remote.js (141)
[13323:13323:0205/125644.003465:INFO:CONSOLE(124)] "Error: [$rootScope:inprog] http://errors.angularjs.org/1.6.8/$rootScope/inprog?p0=%24digest", source: chrome-extension://ngdikafaoghdohaamhidkfmlndplddep/src/client/scripts/angular.min.js (124)
[13323:13323:0205/125644.004139:INFO:CONSOLE(124)] "Error: [$rootScope:inprog] http://errors.angularjs.org/1.6.8/$rootScope/inprog?p0=%24digest", source: chrome-extension://ngdikafaoghdohaamhidkfmlndplddep/src/client/scripts/angular.min.js (124)
[13323:13323:0205/125644.004581:INFO:CONSOLE(124)] "Error: [$rootScope:inprog] http://errors.angularjs.org/1.6.8/$rootScope/inprog?p0=%24digest", source: chrome-extension://ngdikafaoghdohaamhidkfmlndplddep/src/client/scripts/angular.min.js (124)
[13323:13323:0205/125644.028713:INFO:CONSOLE(50)] "67108961
", source: /home/physiii/code/open-dash/src/server/modules/remote.js (50)
[13323:13323:0205/125644.384673:INFO:CONSOLE(309)] "checking mdd connection...", source: /home/physiii/code/open-dash/src/server/modules/remote.js (309)
[13323:13323:0205/125644.384702:INFO:CONSOLE(317)] "checking mdd connection to 192.168.0.12", source: /home/physiii/code/open-dash/src/server/modules/remote.js (317)
[13323:13323:0205/125644.390147:INFO:CONSOLE(307)] "timeout function called", source: /home/physiii/code/open-dash/src/server/modules/remote.js (307)
[13323:13323:0205/125645.172336:INFO:CONSOLE(320)] "ISALIVE =true", source: /home/physiii/code/open-dash/src/server/modules/remote.js (320)
